TN:
SF:/home/runner/work/SandBox/SandBox/App/Include/Application/ExtraDataContainer.h
FN:14,14,_ZN4Data8Internal18ExtraDataContainerC2Ev
FN:15,15,_ZN4Data8Internal18ExtraDataContainerD2Ev
FN:18,18,_ZN4Data8Internal18ExtraDataContainerC2ERKS1_
FN:22,22,_ZN4Data8Internal18ExtraDataContainerC2EOS1_
FN:46,53,_ZNK4Data8Internal18ExtraDataContainer3GetIN3glm3vecILi2EfLNS3_9qualifierE0EEEEEPKT_v
FN:46,53,_ZNK4Data8Internal18ExtraDataContainer3GetIN3glm3vecILi3EfLNS3_9qualifierE0EEEEEPKT_v
FN:57,67,_ZN4Data8Internal18ExtraDataContainer11GetOrCreateIN3glm3vecILi2EfLNS3_9qualifierE0EEEEERT_v
FN:57,67,_ZN4Data8Internal18ExtraDataContainer11GetOrCreateIN3glm3vecILi3EfLNS3_9qualifierE0EEEEERT_v
FN:71,74,_ZNK4Data8Internal18ExtraDataContainer3HasIN3glm3vecILi2EfLNS3_9qualifierE0EEEEEbv
FN:71,74,_ZNK4Data8Internal18ExtraDataContainer3HasIN3glm3vecILi3EfLNS3_9qualifierE0EEEEEbv
FNDA:35,_ZN4Data8Internal18ExtraDataContainerC2Ev
FNDA:0,_ZN4Data8Internal18ExtraDataContainerD2Ev
FNDA:0,_ZN4Data8Internal18ExtraDataContainerC2ERKS1_
FNDA:21,_ZN4Data8Internal18ExtraDataContainerC2EOS1_
FNDA:4,_ZNK4Data8Internal18ExtraDataContainer3GetIN3glm3vecILi2EfLNS3_9qualifierE0EEEEEPKT_v
FNDA:4,_ZNK4Data8Internal18ExtraDataContainer3GetIN3glm3vecILi3EfLNS3_9qualifierE0EEEEEPKT_v
FNDA:0,_ZN4Data8Internal18ExtraDataContainer11GetOrCreateIN3glm3vecILi2EfLNS3_9qualifierE0EEEEERT_v
FNDA:0,_ZN4Data8Internal18ExtraDataContainer11GetOrCreateIN3glm3vecILi3EfLNS3_9qualifierE0EEEEERT_v
FNDA:7,_ZNK4Data8Internal18ExtraDataContainer3HasIN3glm3vecILi2EfLNS3_9qualifierE0EEEEEbv
FNDA:7,_ZNK4Data8Internal18ExtraDataContainer3HasIN3glm3vecILi3EfLNS3_9qualifierE0EEEEEbv
FNF:10
FNH:6
DA:14,35
DA:15,0
DA:18,0
DA:22,21
DA:46,8
DA:48,8
DA:49,8
DA:50,0
DA:52,8
DA:57,0
DA:59,0
DA:60,0
DA:62,0
DA:63,0
DA:66,0
DA:71,14
DA:73,14
LF:17
LH:8
end_of_record
TN:
SF:/home/runner/work/SandBox/SandBox/App/Include/Application/Mesh.h
FN:39,39,_ZN4Data7Surface4MeshC2Ev
FN:42,42,_ZN4Data7Surface4MeshD2Ev
FNDA:2,_ZN4Data7Surface4MeshC2Ev
FNDA:0,_ZN4Data7Surface4MeshD2Ev
FNF:2
FNH:1
DA:39,2
DA:42,0
LF:2
LH:1
end_of_record
TN:
SF:/home/runner/work/SandBox/SandBox/App/Include/Application/PrimitiveProxy.h
FN:106,110,_ZN4Data9Primitive11VertexProxy20GetOrCreateExtraDataIN3glm3vecILi2EfLNS3_9qualifierE0EEEEERT_v
FN:106,110,_ZN4Data9Primitive11VertexProxy20GetOrCreateExtraDataIN3glm3vecILi3EfLNS3_9qualifierE0EEEEERT_v
FNDA:0,_ZN4Data9Primitive11VertexProxy20GetOrCreateExtraDataIN3glm3vecILi2EfLNS3_9qualifierE0EEEEERT_v
FNDA:0,_ZN4Data9Primitive11VertexProxy20GetOrCreateExtraDataIN3glm3vecILi3EfLNS3_9qualifierE0EEEEERT_v
FNF:2
FNH:0
DA:106,0
DA:108,0
DA:109,0
LF:3
LH:0
end_of_record
TN:
SF:/home/runner/work/SandBox/SandBox/App/Include/Application/VertexPair.h
FN:44,49,_ZNKSt4hashIN4Data9Primitive10VertexPairEEclERKS2_
FNDA:0,_ZNKSt4hashIN4Data9Primitive10VertexPairEEclERKS2_
FNF:1
FNH:0
DA:44,0
DA:46,0
DA:47,0
DA:48,0
LF:4
LH:0
end_of_record
TN:
SF:/home/runner/work/SandBox/SandBox/App/Source/Mesh.cpp
FN:12,17,_ZN4Data7Surface4MeshC2ERKS1_
FN:120,132,_ZZN4Data7Surface4Mesh22UpdateMeshConnectivityEvENKUljjhE_clEjjh
FN:147,150,_ZN4Data7Surface4Mesh11GetVerticesEv
FN:152,155,_ZNK4Data7Surface4Mesh11GetVerticesEv
FN:157,160,_ZN4Data7Surface4Mesh8GetFacesEv
FN:162,165,_ZNK4Data7Surface4Mesh8GetFacesEv
FN:167,170,_ZNK4Data7Surface4Mesh18HasVertexExtraDataEv
FN:172,175,_ZNK4Data7Surface4Mesh16HasFaceExtraDataEv
FN:178,198,_ZN4Data7Surface4Mesh30VerticesAroundVertexCirculatorC2ERKS1_j
FN:20,23,_ZNK4Data7Surface4Mesh5CloneEv
FN:200,207,_ZNK4Data7Surface4Mesh30VerticesAroundVertexCirculatoreqERKS2_
FN:209,212,_ZNK4Data7Surface4Mesh30VerticesAroundVertexCirculatorneERKS2_
FN:214,264,_ZN4Data7Surface4Mesh30VerticesAroundVertexCirculatorppEv
FN:25,28,_ZNK4Data7Surface4Mesh14GetVertexCountEv
FN:266,269,_ZNK4Data7Surface4Mesh30VerticesAroundVertexCirculatordeEv
FN:271,274,_ZN4Data7Surface4Mesh30VerticesAroundVertexCirculator11SetIsActiveEb
FN:276,285,_ZN4Data7Surface4Mesh30VerticesAroundVertexCirculator29UpdateCurVertexIndexInCWOrderEv
FN:287,296,_ZN4Data7Surface4Mesh30VerticesAroundVertexCirculator30UpdateCurVertexIndexInCCWOrderEv
FN:299,302,_ZN4Data7Surface4Mesh25VerticesAroundVertexRangeC2ERKS1_j
FN:30,33,_ZNK4Data7Surface4Mesh12GetFaceCountEv
FN:304,309,_ZNK4Data7Surface4Mesh25VerticesAroundVertexRange5beginEv
FN:311,316,_ZNK4Data7Surface4Mesh25VerticesAroundVertexRange3endEv
FN:318,321,_ZNK4Data7Surface4Mesh23GetVerticesAroundVertexEj
FN:324,336,_ZN4Data7Surface4Mesh27FacesAroundVertexCirculatorC2ERKS1_j
FN:338,345,_ZNK4Data7Surface4Mesh27FacesAroundVertexCirculatoreqERKS2_
FN:347,350,_ZNK4Data7Surface4Mesh27FacesAroundVertexCirculatorneERKS2_
FN:35,39,_ZN4Data7Surface4Mesh9GetVertexEj
FN:352,399,_ZN4Data7Surface4Mesh27FacesAroundVertexCirculatorppEv
FN:401,404,_ZNK4Data7Surface4Mesh27FacesAroundVertexCirculatordeEv
FN:406,409,_ZN4Data7Surface4Mesh27FacesAroundVertexCirculator11SetIsActiveEb
FN:41,45,_ZN4Data7Surface4Mesh7GetFaceEj
FN:412,415,_ZN4Data7Surface4Mesh22FacesAroundVertexRangeC2ERKS1_j
FN:417,422,_ZNK4Data7Surface4Mesh22FacesAroundVertexRange5beginEv
FN:424,429,_ZNK4Data7Surface4Mesh22FacesAroundVertexRange3endEv
FN:431,434,_ZNK4Data7Surface4Mesh20GetFacesAroundVertexEj
FN:47,51,_ZNK4Data7Surface4Mesh13GetVertexDataEj
FN:53,57,_ZN4Data7Surface4Mesh13GetVertexDataEj
FN:59,63,_ZNK4Data7Surface4Mesh11GetFaceDataEj
FN:65,69,_ZN4Data7Surface4Mesh11GetFaceDataEj
FN:71,78,_ZN4Data7Surface4Mesh9AddVertexERKNS_9Primitive6VertexE
FN:80,87,_ZN4Data7Surface4Mesh7AddFaceERKNS_9Primitive4FaceE
FN:89,92,_ZN4Data7Surface4Mesh29AddVerticesExtraDataContainerEv
FN:94,97,_ZN4Data7Surface4Mesh26AddFacesExtraDataContainerEv
FN:99,145,_ZN4Data7Surface4Mesh22UpdateMeshConnectivityEv
FNDA:2,_ZN4Data7Surface4MeshC2ERKS1_
FNDA:102,_ZZN4Data7Surface4Mesh22UpdateMeshConnectivityEvENKUljjhE_clEjjh
FNDA:3,_ZN4Data7Surface4Mesh11GetVerticesEv
FNDA:0,_ZNK4Data7Surface4Mesh11GetVerticesEv
FNDA:3,_ZN4Data7Surface4Mesh8GetFacesEv
FNDA:0,_ZNK4Data7Surface4Mesh8GetFacesEv
FNDA:78,_ZNK4Data7Surface4Mesh18HasVertexExtraDataEv
FNDA:14,_ZNK4Data7Surface4Mesh16HasFaceExtraDataEv
FNDA:8,_ZN4Data7Surface4Mesh30VerticesAroundVertexCirculatorC2ERKS1_j
FNDA:1,_ZNK4Data7Surface4Mesh5CloneEv
FNDA:20,_ZNK4Data7Surface4Mesh30VerticesAroundVertexCirculatoreqERKS2_
FNDA:20,_ZNK4Data7Surface4Mesh30VerticesAroundVertexCirculatorneERKS2_
FNDA:16,_ZN4Data7Surface4Mesh30VerticesAroundVertexCirculatorppEv
FNDA:168,_ZNK4Data7Surface4Mesh14GetVertexCountEv
FNDA:16,_ZNK4Data7Surface4Mesh30VerticesAroundVertexCirculatordeEv
FNDA:8,_ZN4Data7Surface4Mesh30VerticesAroundVertexCirculator11SetIsActiveEb
FNDA:5,_ZN4Data7Surface4Mesh30VerticesAroundVertexCirculator29UpdateCurVertexIndexInCWOrderEv
FNDA:8,_ZN4Data7Surface4Mesh30VerticesAroundVertexCirculator30UpdateCurVertexIndexInCCWOrderEv
FNDA:4,_ZN4Data7Surface4Mesh25VerticesAroundVertexRangeC2ERKS1_j
FNDA:211,_ZNK4Data7Surface4Mesh12GetFaceCountEv
FNDA:4,_ZNK4Data7Surface4Mesh25VerticesAroundVertexRange5beginEv
FNDA:4,_ZNK4Data7Surface4Mesh25VerticesAroundVertexRange3endEv
FNDA:4,_ZNK4Data7Surface4Mesh23GetVerticesAroundVertexEj
FNDA:6,_ZN4Data7Surface4Mesh27FacesAroundVertexCirculatorC2ERKS1_j
FNDA:13,_ZNK4Data7Surface4Mesh27FacesAroundVertexCirculatoreqERKS2_
FNDA:13,_ZNK4Data7Surface4Mesh27FacesAroundVertexCirculatorneERKS2_
FNDA:37,_ZN4Data7Surface4Mesh9GetVertexEj
FNDA:10,_ZN4Data7Surface4Mesh27FacesAroundVertexCirculatorppEv
FNDA:10,_ZNK4Data7Surface4Mesh27FacesAroundVertexCirculatordeEv
FNDA:6,_ZN4Data7Surface4Mesh27FacesAroundVertexCirculator11SetIsActiveEb
FNDA:9,_ZN4Data7Surface4Mesh7GetFaceEj
FNDA:3,_ZN4Data7Surface4Mesh22FacesAroundVertexRangeC2ERKS1_j
FNDA:3,_ZNK4Data7Surface4Mesh22FacesAroundVertexRange5beginEv
FNDA:3,_ZNK4Data7Surface4Mesh22FacesAroundVertexRange3endEv
FNDA:3,_ZNK4Data7Surface4Mesh20GetFacesAroundVertexEj
FNDA:15,_ZNK4Data7Surface4Mesh13GetVertexDataEj
FNDA:10,_ZN4Data7Surface4Mesh13GetVertexDataEj
FNDA:54,_ZNK4Data7Surface4Mesh11GetFaceDataEj
FNDA:10,_ZN4Data7Surface4Mesh11GetFaceDataEj
FNDA:153,_ZN4Data7Surface4Mesh9AddVertexERKNS_9Primitive6VertexE
FNDA:95,_ZN4Data7Surface4Mesh7AddFaceERKNS_9Primitive4FaceE
FNDA:4,_ZN4Data7Surface4Mesh29AddVerticesExtraDataContainerEv
FNDA:4,_ZN4Data7Surface4Mesh26AddFacesExtraDataContainerEv
FNDA:5,_ZN4Data7Surface4Mesh22UpdateMeshConnectivityEv
FNF:44
FNH:42
DA:12,2
DA:13,2
DA:14,2
DA:15,2
DA:16,2
DA:17,2
DA:20,1
DA:22,1
DA:25,168
DA:27,168
DA:30,211
DA:32,211
DA:35,37
DA:37,37
DA:38,37
DA:41,9
DA:43,9
DA:44,9
DA:47,15
DA:49,15
DA:50,15
DA:53,10
DA:55,10
DA:56,10
DA:59,54
DA:61,54
DA:62,54
DA:65,10
DA:67,10
DA:68,10
DA:71,153
DA:73,153
DA:74,153
DA:75,1
DA:76,153
DA:77,153
DA:80,95
DA:82,95
DA:83,95
DA:84,1
DA:85,95
DA:86,95
DA:89,4
DA:91,4
DA:92,4
DA:94,4
DA:96,4
DA:97,4
DA:99,5
DA:101,5
DA:103,39
DA:105,34
DA:108,136
DA:110,102
DA:111,102
DA:113,102
DA:115,102
DA:116,40
DA:120,102
DA:122,102
DA:124,69
DA:128,33
DA:129,33
DA:130,33
DA:132,102
DA:134,34
DA:135,34
DA:136,34
DA:139,34
DA:141,34
DA:143,34
DA:145,5
DA:147,3
DA:149,3
DA:152,0
DA:154,0
DA:157,3
DA:159,3
DA:162,0
DA:164,0
DA:167,78
DA:169,78
DA:172,14
DA:174,14
DA:178,8
DA:179,8
DA:180,8
DA:183,8
DA:184,8
DA:187,8
DA:190,8
DA:192,8
DA:193,8
DA:196,8
DA:197,8
DA:198,8
DA:200,20
DA:203,20
DA:205,20
DA:206,20
DA:209,20
DA:211,20
DA:214,16
DA:216,16
DA:218,16
DA:222,11
DA:223,11
DA:225,11
DA:227,5
DA:229,2
DA:230,2
DA:231,2
DA:232,2
DA:233,2
DA:234,2
DA:238,3
DA:239,3
DA:244,8
DA:245,8
DA:246,8
DA:248,8
DA:253,5
DA:254,5
DA:255,5
DA:257,5
DA:258,3
DA:260,2
DA:263,13
DA:266,16
DA:268,16
DA:271,8
DA:273,8
DA:274,8
DA:276,5
DA:278,5
DA:279,5
DA:280,5
DA:283,5
DA:284,5
DA:285,5
DA:287,8
DA:289,8
DA:290,8
DA:291,8
DA:294,8
DA:295,8
DA:296,8
DA:299,4
DA:300,4
DA:301,4
DA:302,4
DA:304,4
DA:306,4
DA:307,4
DA:308,4
DA:311,4
DA:313,4
DA:314,4
DA:315,4
DA:318,4
DA:320,4
DA:324,6
DA:325,6
DA:326,6
DA:329,6
DA:330,6
DA:333,6
DA:334,6
DA:335,6
DA:336,6
DA:338,13
DA:341,13
DA:343,13
DA:344,13
DA:347,13
DA:349,13
DA:352,10
DA:354,10
DA:358,10
DA:359,10
DA:360,10
DA:361,10
DA:364,10
DA:366,8
DA:368,4
DA:370,2
DA:371,2
DA:372,2
DA:373,2
DA:374,2
DA:375,2
DA:379,2
DA:384,6
DA:385,6
DA:386,6
DA:391,2
DA:392,2
DA:393,2
DA:394,2
DA:395,2
DA:398,10
DA:401,10
DA:403,10
DA:406,6
DA:408,6
DA:409,6
DA:412,3
DA:413,3
DA:414,3
DA:415,3
DA:417,3
DA:419,3
DA:420,3
DA:421,3
DA:424,3
DA:426,3
DA:427,3
DA:428,3
DA:431,3
DA:433,3
LF:220
LH:216
end_of_record
TN:
SF:/home/runner/work/SandBox/SandBox/App/Source/MeshExporter.cpp
FN:18,40,_ZN9Utilitary7Surface12MeshExporter9ExportOFFERKN4Data7Surface4MeshERKNSt10filesystem7__cxx114pathE
FN:42,108,_ZN9Utilitary7Surface12MeshExporter9ExportOBJERKN4Data7Surface4MeshERKNSt10filesystem7__cxx114pathE
FNDA:1,_ZN9Utilitary7Surface12MeshExporter9ExportOFFERKN4Data7Surface4MeshERKNSt10filesystem7__cxx114pathE
FNDA:2,_ZN9Utilitary7Surface12MeshExporter9ExportOBJERKN4Data7Surface4MeshERKNSt10filesystem7__cxx114pathE
FNF:2
FNH:2
DA:18,1
DA:20,1
DA:22,1
DA:25,1
DA:28,1
DA:31,5
DA:32,4
DA:35,3
DA:36,4
DA:37,2
DA:39,1
DA:40,1
DA:42,2
DA:44,2
DA:46,2
DA:49,10
DA:50,8
DA:54,2
DA:56,5
DA:58,4
DA:59,4
DA:60,4
DA:66,2
DA:68,5
DA:70,4
DA:71,4
DA:72,4
DA:76,6
DA:78,4
DA:79,16
DA:82,12
DA:85,12
DA:86,12
DA:88,12
DA:90,6
DA:91,6
DA:94,6
DA:96,6
DA:98,6
DA:100,6
DA:104,4
DA:107,2
DA:108,2
LF:43
LH:43
end_of_record
TN:
SF:/home/runner/work/SandBox/SandBox/App/Source/MeshIntegrity.cpp
FN:9,78,_ZN9Utilitary7Surface13MeshIntegrity14CheckIntegrityERKN4Data7Surface4MeshE
FNDA:13,_ZN9Utilitary7Surface13MeshIntegrity14CheckIntegrityERKN4Data7Surface4MeshE
FNF:1
FNH:1
DA:9,13
DA:12,62
DA:14,52
DA:16,52
DA:17,1
DA:20,51
DA:21,1
DA:24,50
DA:25,50
DA:26,50
DA:27,1
DA:31,10
DA:32,10
DA:33,51
DA:35,47
DA:37,47
DA:38,1
DA:41,92
DA:42,92
DA:43,1
DA:45,176
DA:48,135
DA:49,1
DA:52,134
DA:53,134
DA:56,95
DA:57,95
DA:60,95
DA:61,1
DA:64,94
DA:65,1
DA:68,93
DA:69,93
DA:72,93
DA:73,1
DA:77,4
LF:36
LH:36
end_of_record
TN:
SF:/home/runner/work/SandBox/SandBox/App/Source/MeshLoader.cpp
FN:106,118,_ZZN9Utilitary7Surface10MeshLoader7LoadOFFERKNSt10filesystem7__cxx114pathEENKUljjhE_clEjjh
FN:136,256,_ZN9Utilitary7Surface10MeshLoader7LoadOBJERKNSt10filesystem7__cxx114pathE
FN:20,35,_ZN12_GLOBAL__N_125SkipCommentsAndWhitespaceERSt14basic_ifstreamIcSt11char_traitsIcEE
FN:227,239,_ZZN9Utilitary7Surface10MeshLoader7LoadOBJERKNSt10filesystem7__cxx114pathEENKUljjhE_clEjjh
FN:40,134,_ZN9Utilitary7Surface10MeshLoader7LoadOFFERKNSt10filesystem7__cxx114pathE
FNDA:36,_ZZN9Utilitary7Surface10MeshLoader7LoadOFFERKNSt10filesystem7__cxx114pathEENKUljjhE_clEjjh
FNDA:3,_ZN9Utilitary7Surface10MeshLoader7LoadOBJERKNSt10filesystem7__cxx114pathE
FNDA:63,_ZN12_GLOBAL__N_125SkipCommentsAndWhitespaceERSt14basic_ifstreamIcSt11char_traitsIcEE
FNDA:42,_ZZN9Utilitary7Surface10MeshLoader7LoadOBJERKNSt10filesystem7__cxx114pathEENKUljjhE_clEjjh
FNDA:3,_ZN9Utilitary7Surface10MeshLoader7LoadOFFERKNSt10filesystem7__cxx114pathE
FNF:5
FNH:5
DA:20,63
DA:22,136
DA:24,73
DA:27,10
DA:32,63
DA:35,63
DA:40,3
DA:42,3
DA:45,3
DA:47,1
DA:48,1
DA:52,2
DA:53,2
DA:54,2
DA:55,2
DA:57,1
DA:58,1
DA:61,1
DA:64,1
DA:66,1
DA:69,1
DA:70,9
DA:72,8
DA:73,8
DA:77,1
DA:79,1
DA:80,13
DA:82,12
DA:84,12
DA:87,12
DA:89,48
DA:92,36
DA:95,36
DA:98,36
DA:99,8
DA:102,36
DA:106,36
DA:108,36
DA:110,18
DA:114,18
DA:115,18
DA:116,18
DA:118,36
DA:120,12
DA:121,12
DA:122,12
DA:125,12
DA:127,12
DA:129,12
DA:132,1
DA:133,1
DA:134,3
DA:136,3
DA:138,3
DA:141,3
DA:143,1
DA:144,1
DA:148,2
DA:150,1
DA:151,1
DA:154,1
DA:157,1
DA:159,1
DA:160,1
DA:161,1
DA:162,40
DA:164,40
DA:166,40
DA:167,1
DA:169,39
DA:171,39
DA:173,9
DA:174,9
DA:175,9
DA:176,9
DA:178,30
DA:180,8
DA:181,8
DA:182,8
DA:184,22
DA:186,8
DA:187,8
DA:188,8
DA:190,14
DA:192,14
DA:193,14
DA:196,56
DA:200,42
DA:203,42
DA:204,84
DA:206,42
DA:208,42
DA:211,42
DA:213,42
DA:214,42
DA:215,9
DA:217,42
DA:220,210
DA:222,168
DA:227,42
DA:229,42
DA:231,21
DA:235,21
DA:236,21
DA:237,21
DA:239,42
DA:241,14
DA:242,14
DA:243,14
DA:246,14
DA:248,14
DA:250,14
DA:254,1
DA:255,1
DA:256,3
LF:115
LH:115
end_of_record
TN:
SF:/home/runner/work/SandBox/SandBox/App/Source/Primitive.cpp
FN:14,24,_ZZN9Utilitary9Primitive12GetEdgeIndexERKN4Data9Primitive4FaceEjjENKUljhE_clEjh
FN:39,46,_ZN9Utilitary9Primitive19GetVertexLocalIndexERKN4Data9Primitive4FaceEj
FN:8,37,_ZN9Utilitary9Primitive12GetEdgeIndexERKN4Data9Primitive4FaceEjj
FNDA:204,_ZZN9Utilitary9Primitive12GetEdgeIndexERKN4Data9Primitive4FaceEjjENKUljhE_clEjh
FNDA:46,_ZN9Utilitary9Primitive19GetVertexLocalIndexERKN4Data9Primitive4FaceEj
FNDA:106,_ZN9Utilitary9Primitive12GetEdgeIndexERKN4Data9Primitive4FaceEjj
FNF:3
FNH:3
DA:8,106
DA:11,106
DA:14,204
DA:16,204
DA:17,204
DA:18,204
DA:19,99
DA:20,105
DA:21,99
DA:23,6
DA:24,106
DA:27,424
DA:29,318
DA:30,318
DA:31,102
DA:32,216
DA:33,102
DA:36,106
DA:39,46
DA:41,99
DA:42,96
DA:43,43
DA:45,3
LF:23
LH:23
end_of_record
TN:
SF:/home/runner/work/SandBox/SandBox/App/Source/PrimitiveProxy.cpp
FN:10,13,_ZN4Data9Primitive9FaceProxyC2ERNS_7Surface4MeshEj
FN:15,18,_ZNK4Data9Primitive9FaceProxy8GetIndexEv
FN:20,23,_ZN4Data9Primitive9FaceProxy7GetFaceEv
FN:25,28,_ZNK4Data9Primitive9FaceProxy7GetFaceEv
FN:30,34,_ZNK4Data9Primitive9FaceProxy9GetVertexEh
FN:36,39,_ZNK4Data9Primitive9FaceProxy11GetVerticesEv
FN:41,45,_ZNK4Data9Primitive9FaceProxy11GetNeighborEh
FN:47,50,_ZNK4Data9Primitive9FaceProxy12GetNeighborsEv
FN:54,57,_ZN4Data9Primitive11VertexProxyC2ERNS_7Surface4MeshEj
FN:59,62,_ZNK4Data9Primitive11VertexProxy8GetIndexEv
FN:64,67,_ZN4Data9Primitive11VertexProxy9GetVertexEv
FN:69,72,_ZNK4Data9Primitive11VertexProxy9GetVertexEv
FN:74,77,_ZN4Data9Primitive11VertexProxy11GetPositionEv
FN:79,82,_ZNK4Data9Primitive11VertexProxy11GetPositionEv
FN:84,87,_ZNK4Data9Primitive11VertexProxy15GetIncidentFaceEv
FNDA:9,_ZN4Data9Primitive9FaceProxyC2ERNS_7Surface4MeshEj
FNDA:3,_ZNK4Data9Primitive9FaceProxy8GetIndexEv
FNDA:1,_ZN4Data9Primitive9FaceProxy7GetFaceEv
FNDA:12,_ZNK4Data9Primitive9FaceProxy7GetFaceEv
FNDA:6,_ZNK4Data9Primitive9FaceProxy9GetVertexEh
FNDA:2,_ZNK4Data9Primitive9FaceProxy11GetVerticesEv
FNDA:2,_ZNK4Data9Primitive9FaceProxy11GetNeighborEh
FNDA:2,_ZNK4Data9Primitive9FaceProxy12GetNeighborsEv
FNDA:37,_ZN4Data9Primitive11VertexProxyC2ERNS_7Surface4MeshEj
FNDA:3,_ZNK4Data9Primitive11VertexProxy8GetIndexEv
FNDA:4,_ZN4Data9Primitive11VertexProxy9GetVertexEv
FNDA:3,_ZNK4Data9Primitive11VertexProxy9GetVertexEv
FNDA:3,_ZN4Data9Primitive11VertexProxy11GetPositionEv
FNDA:1,_ZNK4Data9Primitive11VertexProxy11GetPositionEv
FNDA:2,_ZNK4Data9Primitive11VertexProxy15GetIncidentFaceEv
FNF:15
FNH:15
DA:10,9
DA:11,9
DA:12,9
DA:13,9
DA:15,3
DA:17,3
DA:20,1
DA:22,1
DA:25,12
DA:27,12
DA:30,6
DA:32,6
DA:33,6
DA:36,2
DA:38,2
DA:41,2
DA:43,2
DA:44,2
DA:47,2
DA:49,2
DA:54,37
DA:55,37
DA:56,37
DA:57,37
DA:59,3
DA:61,3
DA:64,4
DA:66,4
DA:69,3
DA:71,3
DA:74,3
DA:76,3
DA:79,1
DA:81,1
DA:84,2
DA:86,2
LF:36
LH:36
end_of_record
TN:
SF:/home/runner/work/SandBox/SandBox/App/Source/VertexPair.cpp
FN:25,29,_ZNK4Data9Primitive10VertexPaireqERKS1_
FN:31,34,_ZNK4Data9Primitive10VertexPair15GetMinVertexIdxEv
FN:36,39,_ZNK4Data9Primitive10VertexPair15GetMaxVertexIdxEv
FN:7,23,_ZN4Data9Primitive10VertexPairC2Ejj
FNDA:413,_ZNK4Data9Primitive10VertexPaireqERKS1_
FNDA:358,_ZNK4Data9Primitive10VertexPair15GetMinVertexIdxEv
FNDA:358,_ZNK4Data9Primitive10VertexPair15GetMaxVertexIdxEv
FNDA:364,_ZN4Data9Primitive10VertexPairC2Ejj
FNF:4
FNH:4
DA:7,364
DA:9,364
DA:11,184
DA:12,184
DA:14,180
DA:16,179
DA:17,179
DA:21,1
DA:23,363
DA:25,413
DA:27,145
DA:28,558
DA:31,358
DA:33,358
DA:36,358
DA:38,358
LF:16
LH:16
end_of_record
TN:
SF:/home/runner/work/SandBox/SandBox/Core/Include/Core/PrintHelpers.h
FN:112,123,_ZN12PrintHelpers6detail9ErrorImplIJNSt7__cxx1112basic_stringIcSt11char_traitsIcESaIcEEEEEEvRKSt15source_locationSt19basic_format_stringIcJDpNSt13type_identityIT_E4typeEEEDpOSD_
FN:126,141,_ZN12PrintHelpers6detail9DebugImplIJNSt7__cxx1112basic_stringIcSt11char_traitsIcESaIcEEEEEEvRKSt15source_locationSt19basic_format_stringIcJDpNSt13type_identityIT_E4typeEEEDpOSD_
FN:23,51,_ZN12PrintHelpers19ExtractFunctionNameESt17basic_string_viewIcSt11char_traitsIcEE
FNDA:4,_ZN12PrintHelpers6detail9ErrorImplIJNSt7__cxx1112basic_stringIcSt11char_traitsIcESaIcEEEEEEvRKSt15source_locationSt19basic_format_stringIcJDpNSt13type_identityIT_E4typeEEEDpOSD_
FNDA:0,_ZN12PrintHelpers6detail9DebugImplIJNSt7__cxx1112basic_stringIcSt11char_traitsIcESaIcEEEEEEvRKSt15source_locationSt19basic_format_stringIcJDpNSt13type_identityIT_E4typeEEEDpOSD_
FNDA:0,_ZN12PrintHelpers19ExtractFunctionNameESt17basic_string_viewIcSt11char_traitsIcEE
FNF:3
FNH:1
DA:23,0
DA:26,0
DA:27,0
DA:28,0
DA:32,0
DA:33,0
DA:35,0
DA:38,0
DA:41,0
DA:43,0
DA:47,0
DA:50,0
DA:112,4
DA:114,4
DA:115,4
DA:123,4
DA:126,0
DA:131,0
DA:132,0
DA:141,0
LF:20
LH:4
end_of_record
