TN:
SF:/home/runner/work/SandBox/SandBox/App/Include/Application/ExtraDataContainer.h
FN:14,14,_ZN4Data8Internal18ExtraDataContainerC2Ev
FN:15,15,_ZN4Data8Internal18ExtraDataContainerD2Ev
FN:22,22,_ZN4Data8Internal18ExtraDataContainerC2EOS1_
FN:45,55,_ZN4Data8Internal18ExtraDataContainer11GetOrCreateIN3glm3vecILi2EfLNS3_9qualifierE0EEEEERT_v
FN:45,55,_ZN4Data8Internal18ExtraDataContainer11GetOrCreateIN3glm3vecILi3EfLNS3_9qualifierE0EEEEERT_v
FNDA:74,_ZN4Data8Internal18ExtraDataContainerC2Ev
FNDA:0,_ZN4Data8Internal18ExtraDataContainerD2Ev
FNDA:65,_ZN4Data8Internal18ExtraDataContainerC2EOS1_
FNDA:8,_ZN4Data8Internal18ExtraDataContainer11GetOrCreateIN3glm3vecILi2EfLNS3_9qualifierE0EEEEERT_v
FNDA:8,_ZN4Data8Internal18ExtraDataContainer11GetOrCreateIN3glm3vecILi3EfLNS3_9qualifierE0EEEEERT_v
FNF:5
FNH:4
DA:14,74
DA:15,0
DA:22,65
DA:45,16
DA:47,16
DA:48,16
DA:50,16
DA:51,16
DA:54,32
LF:9
LH:8
end_of_record
TN:
SF:/home/runner/work/SandBox/SandBox/App/Include/Application/Mesh.h
FN:36,36,_ZN4Data7Surface4MeshC2Ev
FN:39,39,_ZN4Data7Surface4MeshD2Ev
FN:45,45,_ZNK4Data7Surface4Mesh14GetVertexCountEv
FN:48,48,_ZNK4Data7Surface4Mesh12GetFaceCountEv
FNDA:2,_ZN4Data7Surface4MeshC2Ev
FNDA:0,_ZN4Data7Surface4MeshD2Ev
FNDA:0,_ZNK4Data7Surface4Mesh14GetVertexCountEv
FNDA:0,_ZNK4Data7Surface4Mesh12GetFaceCountEv
FNF:4
FNH:1
DA:36,2
DA:39,0
DA:45,0
DA:48,0
LF:4
LH:1
end_of_record
TN:
SF:/home/runner/work/SandBox/SandBox/App/Include/Application/PrimitiveProxy.h
FN:92,95,_ZNK4Data9Primitive11VertexProxy20GetOrCreateExtraDataIN3glm3vecILi2EfLNS3_9qualifierE0EEEEERT_v
FN:92,95,_ZNK4Data9Primitive11VertexProxy20GetOrCreateExtraDataIN3glm3vecILi3EfLNS3_9qualifierE0EEEEERT_v
FNDA:8,_ZNK4Data9Primitive11VertexProxy20GetOrCreateExtraDataIN3glm3vecILi2EfLNS3_9qualifierE0EEEEERT_v
FNDA:8,_ZNK4Data9Primitive11VertexProxy20GetOrCreateExtraDataIN3glm3vecILi3EfLNS3_9qualifierE0EEEEERT_v
FNF:2
FNH:2
DA:92,16
DA:94,16
LF:2
LH:2
end_of_record
TN:
SF:/home/runner/work/SandBox/SandBox/App/Include/Application/VertexPair.h
FN:16,32,_ZN4Data9Primitive10VertexPairC2Ejj
FN:34,38,_ZNK4Data9Primitive10VertexPaireqERKS1_
FN:43,43,_ZNK4Data9Primitive10VertexPair15GetMinVertexIdxEv
FN:46,46,_ZNK4Data9Primitive10VertexPair15GetMaxVertexIdxEv
FN:62,67,_ZNKSt4hashIN4Data9Primitive10VertexPairEEclERKS2_
FNDA:0,_ZN4Data9Primitive10VertexPairC2Ejj
FNDA:0,_ZNK4Data9Primitive10VertexPaireqERKS1_
FNDA:0,_ZNK4Data9Primitive10VertexPair15GetMinVertexIdxEv
FNDA:0,_ZNK4Data9Primitive10VertexPair15GetMaxVertexIdxEv
FNDA:0,_ZNKSt4hashIN4Data9Primitive10VertexPairEEclERKS2_
FNF:5
FNH:0
DA:16,0
DA:17,0
DA:18,0
DA:20,0
DA:21,0
DA:23,0
DA:25,0
DA:26,0
DA:30,0
DA:32,0
DA:34,0
DA:36,0
DA:37,0
DA:43,0
DA:46,0
DA:62,0
DA:64,0
DA:65,0
DA:66,0
LF:19
LH:0
end_of_record
TN:
SF:/home/runner/work/SandBox/SandBox/App/Source/Mesh.cpp
FN:10,19,_ZN4Data7Surface4MeshC2ERKS1_
FN:21,25,_ZN4Data7Surface4Mesh9GetVertexEj
FN:27,31,_ZN4Data7Surface4Mesh7GetFaceEj
FN:33,37,_ZN4Data7Surface4Mesh13GetVertexDataEj
FN:39,43,_ZNK4Data7Surface4Mesh13GetVertexDataEj
FN:45,49,_ZN4Data7Surface4Mesh11GetFaceDataEj
FN:51,55,_ZNK4Data7Surface4Mesh11GetFaceDataEj
FN:57,63,_ZN4Data7Surface4Mesh9AddVertexERKNS_9Primitive6VertexE
FN:65,71,_ZN4Data7Surface4Mesh7AddFaceERKNS_9Primitive4FaceE
FNDA:0,_ZN4Data7Surface4MeshC2ERKS1_
FNDA:16,_ZN4Data7Surface4Mesh9GetVertexEj
FNDA:0,_ZN4Data7Surface4Mesh7GetFaceEj
FNDA:2,_ZN4Data7Surface4Mesh13GetVertexDataEj
FNDA:0,_ZNK4Data7Surface4Mesh13GetVertexDataEj
FNDA:2,_ZN4Data7Surface4Mesh11GetFaceDataEj
FNDA:0,_ZNK4Data7Surface4Mesh11GetFaceDataEj
FNDA:40,_ZN4Data7Surface4Mesh9AddVertexERKNS_9Primitive6VertexE
FNDA:25,_ZN4Data7Surface4Mesh7AddFaceERKNS_9Primitive4FaceE
FNF:9
FNH:5
DA:10,0
DA:12,0
DA:13,0
DA:15,0
DA:16,0
DA:17,0
DA:18,0
DA:19,0
DA:21,16
DA:23,16
DA:24,16
DA:27,0
DA:29,0
DA:30,0
DA:33,2
DA:35,2
DA:36,2
DA:39,0
DA:41,0
DA:42,0
DA:45,2
DA:47,2
DA:48,2
DA:51,0
DA:53,0
DA:54,0
DA:57,40
DA:59,40
DA:60,40
DA:61,40
DA:62,40
DA:65,25
DA:67,25
DA:68,25
DA:69,25
DA:70,25
LF:36
LH:19
end_of_record
TN:
SF:/home/runner/work/SandBox/SandBox/App/Source/MeshIntegrity.cpp
FN:8,75,_ZN9Utilitary4Mesh13MeshIntegrity14CheckIntegrityERKN4Data7Surface4MeshE
FNDA:12,_ZN9Utilitary4Mesh13MeshIntegrity14CheckIntegrityERKN4Data7Surface4MeshE
FNF:1
FNH:1
DA:8,12
DA:11,57
DA:13,48
DA:15,48
DA:16,1
DA:19,47
DA:20,1
DA:23,46
DA:24,46
DA:25,46
DA:26,1
DA:30,48
DA:32,45
DA:34,45
DA:35,1
DA:38,88
DA:39,88
DA:40,1
DA:42,168
DA:45,129
DA:46,1
DA:49,128
DA:50,128
DA:53,93
DA:54,93
DA:57,93
DA:58,1
DA:61,92
DA:62,1
DA:65,91
DA:66,91
DA:69,91
DA:70,1
DA:74,3
LF:34
LH:34
end_of_record
TN:
SF:/home/runner/work/SandBox/SandBox/App/Source/MeshLoader.cpp
FN:107,119,_ZZN9Utilitary4Mesh10MeshLoader7LoadOFFERKNSt10filesystem7__cxx114pathEENKUljjhE_clEjjh
FN:137,259,_ZN9Utilitary4Mesh10MeshLoader7LoadOBJERKNSt10filesystem7__cxx114pathE
FN:19,34,_ZN12_GLOBAL__N_125SkipCommentsAndWhitespaceERSt14basic_ifstreamIcSt11char_traitsIcEE
FN:230,242,_ZZN9Utilitary4Mesh10MeshLoader7LoadOBJERKNSt10filesystem7__cxx114pathEENKUljjhE_clEjjh
FN:39,135,_ZN9Utilitary4Mesh10MeshLoader7LoadOFFERKNSt10filesystem7__cxx114pathE
FNDA:36,_ZZN9Utilitary4Mesh10MeshLoader7LoadOFFERKNSt10filesystem7__cxx114pathEENKUljjhE_clEjjh
FNDA:3,_ZN9Utilitary4Mesh10MeshLoader7LoadOBJERKNSt10filesystem7__cxx114pathE
FNDA:63,_ZN12_GLOBAL__N_125SkipCommentsAndWhitespaceERSt14basic_ifstreamIcSt11char_traitsIcEE
FNDA:42,_ZZN9Utilitary4Mesh10MeshLoader7LoadOBJERKNSt10filesystem7__cxx114pathEENKUljjhE_clEjjh
FNDA:3,_ZN9Utilitary4Mesh10MeshLoader7LoadOFFERKNSt10filesystem7__cxx114pathE
FNF:5
FNH:5
DA:19,63
DA:21,136
DA:23,73
DA:26,10
DA:31,63
DA:34,63
DA:39,3
DA:41,3
DA:44,3
DA:46,1
DA:47,1
DA:51,2
DA:52,2
DA:53,2
DA:54,2
DA:56,1
DA:57,1
DA:60,1
DA:63,1
DA:65,1
DA:68,1
DA:69,1
DA:70,9
DA:72,8
DA:73,8
DA:77,1
DA:79,1
DA:80,1
DA:81,13
DA:83,12
DA:85,12
DA:88,12
DA:90,48
DA:93,36
DA:96,36
DA:99,36
DA:100,8
DA:103,36
DA:107,36
DA:109,36
DA:111,18
DA:115,18
DA:116,18
DA:117,18
DA:119,36
DA:121,12
DA:122,12
DA:123,12
DA:126,12
DA:128,12
DA:130,12
DA:133,1
DA:134,1
DA:135,3
DA:137,3
DA:139,3
DA:142,3
DA:144,1
DA:145,1
DA:149,2
DA:151,1
DA:152,1
DA:155,1
DA:158,1
DA:160,1
DA:161,1
DA:162,1
DA:163,1
DA:164,1
DA:165,40
DA:167,40
DA:169,40
DA:170,1
DA:172,39
DA:174,39
DA:176,9
DA:177,9
DA:178,9
DA:179,9
DA:181,30
DA:183,8
DA:184,8
DA:185,8
DA:187,22
DA:189,8
DA:190,8
DA:191,8
DA:193,14
DA:195,14
DA:196,14
DA:199,56
DA:203,42
DA:206,42
DA:207,84
DA:209,42
DA:211,42
DA:214,42
DA:216,42
DA:217,42
DA:218,9
DA:220,42
DA:223,210
DA:225,168
DA:230,42
DA:232,42
DA:234,21
DA:238,21
DA:239,21
DA:240,21
DA:242,42
DA:244,14
DA:245,14
DA:246,14
DA:249,14
DA:251,14
DA:253,14
DA:257,1
DA:258,1
DA:259,3
LF:119
LH:119
end_of_record
TN:
SF:/home/runner/work/SandBox/SandBox/App/Source/Primitive.cpp
FN:14,24,_ZZN9Utilitary9Primitive12GetEdgeIndexERKN4Data9Primitive4FaceEjjENKUljhE_clEjh
FN:8,37,_ZN9Utilitary9Primitive12GetEdgeIndexERKN4Data9Primitive4FaceEjj
FNDA:182,_ZZN9Utilitary9Primitive12GetEdgeIndexERKN4Data9Primitive4FaceEjjENKUljhE_clEjh
FNDA:91,_ZN9Utilitary9Primitive12GetEdgeIndexERKN4Data9Primitive4FaceEjj
FNF:2
FNH:2
DA:8,91
DA:11,91
DA:14,182
DA:16,182
DA:17,182
DA:18,182
DA:19,91
DA:20,91
DA:21,91
DA:23,0
DA:24,91
DA:27,364
DA:29,273
DA:30,273
DA:31,91
DA:32,182
DA:33,91
DA:36,91
LF:18
LH:17
end_of_record
TN:
SF:/home/runner/work/SandBox/SandBox/App/Source/PrimitiveProxy.cpp
FN:10,13,_ZN4Data9Primitive9FaceProxyC2ERNS_7Surface4MeshEj
FN:100,103,_ZNK4Data9Primitive11VertexProxy8GetIndexEv
FN:105,108,_ZN4Data9Primitive11VertexProxy9GetVertexEv
FN:110,113,_ZNK4Data9Primitive11VertexProxy9GetVertexEv
FN:115,118,_ZN4Data9Primitive11VertexProxy11GetPositionEv
FN:120,123,_ZNK4Data9Primitive11VertexProxy11GetPositionEv
FN:125,128,_ZN4Data9Primitive11VertexProxy15GetIncidentFaceEv
FN:130,133,_ZNK4Data9Primitive11VertexProxy15GetIncidentFaceEv
FN:15,18,_ZNK4Data9Primitive9FaceProxy7IsValidEv
FN:20,23,_ZNK4Data9Primitive9FaceProxy8GetIndexEv
FN:25,28,_ZN4Data9Primitive9FaceProxy7GetFaceEv
FN:30,33,_ZNK4Data9Primitive9FaceProxy7GetFaceEv
FN:35,39,_ZNK4Data9Primitive9FaceProxy9GetVertexEh
FN:41,44,_ZNK4Data9Primitive9FaceProxy11GetVerticesEv
FN:46,50,_ZNK4Data9Primitive9FaceProxy11GetNeighborEh
FN:52,55,_ZNK4Data9Primitive9FaceProxy12GetNeighborsEv
FN:58,61,_ZN4Data9Primitive11VertexProxyC2ERNS_7Surface4MeshEj
FN:95,98,_ZNK4Data9Primitive11VertexProxy7IsValidEv
FNDA:0,_ZN4Data9Primitive9FaceProxyC2ERNS_7Surface4MeshEj
FNDA:0,_ZNK4Data9Primitive11VertexProxy8GetIndexEv
FNDA:0,_ZN4Data9Primitive11VertexProxy9GetVertexEv
FNDA:0,_ZNK4Data9Primitive11VertexProxy9GetVertexEv
FNDA:0,_ZN4Data9Primitive11VertexProxy11GetPositionEv
FNDA:0,_ZNK4Data9Primitive11VertexProxy11GetPositionEv
FNDA:0,_ZN4Data9Primitive11VertexProxy15GetIncidentFaceEv
FNDA:0,_ZNK4Data9Primitive11VertexProxy15GetIncidentFaceEv
FNDA:0,_ZNK4Data9Primitive9FaceProxy7IsValidEv
FNDA:0,_ZNK4Data9Primitive9FaceProxy8GetIndexEv
FNDA:0,_ZN4Data9Primitive9FaceProxy7GetFaceEv
FNDA:0,_ZNK4Data9Primitive9FaceProxy7GetFaceEv
FNDA:0,_ZNK4Data9Primitive9FaceProxy9GetVertexEh
FNDA:0,_ZNK4Data9Primitive9FaceProxy11GetVerticesEv
FNDA:0,_ZNK4Data9Primitive9FaceProxy11GetNeighborEh
FNDA:0,_ZNK4Data9Primitive9FaceProxy12GetNeighborsEv
FNDA:16,_ZN4Data9Primitive11VertexProxyC2ERNS_7Surface4MeshEj
FNDA:0,_ZNK4Data9Primitive11VertexProxy7IsValidEv
FNF:18
FNH:1
DA:10,0
DA:11,0
DA:12,0
DA:13,0
DA:15,0
DA:17,0
DA:20,0
DA:22,0
DA:25,0
DA:27,0
DA:30,0
DA:32,0
DA:35,0
DA:37,0
DA:38,0
DA:41,0
DA:43,0
DA:46,0
DA:48,0
DA:49,0
DA:52,0
DA:54,0
DA:58,16
DA:59,16
DA:60,16
DA:61,16
DA:95,0
DA:97,0
DA:100,0
DA:102,0
DA:105,0
DA:107,0
DA:110,0
DA:112,0
DA:115,0
DA:117,0
DA:120,0
DA:122,0
DA:125,0
DA:127,0
DA:130,0
DA:132,0
LF:42
LH:4
end_of_record
TN:
SF:/home/runner/work/SandBox/SandBox/Core/Include/Core/PrintHelpers.h
FN:112,123,_ZN12PrintHelpers6detail9ErrorImplIJNSt7__cxx1112basic_stringIcSt11char_traitsIcESaIcEEEEEEvRKSt15source_locationSt19basic_format_stringIcJDpNSt13type_identityIT_E4typeEEEDpOSD_
FN:23,51,_ZN12PrintHelpers19ExtractFunctionNameESt17basic_string_viewIcSt11char_traitsIcEE
FNDA:4,_ZN12PrintHelpers6detail9ErrorImplIJNSt7__cxx1112basic_stringIcSt11char_traitsIcESaIcEEEEEEvRKSt15source_locationSt19basic_format_stringIcJDpNSt13type_identityIT_E4typeEEEDpOSD_
FNDA:4,_ZN12PrintHelpers19ExtractFunctionNameESt17basic_string_viewIcSt11char_traitsIcEE
FNF:2
FNH:2
DA:23,4
DA:26,4
DA:27,4
DA:28,0
DA:32,4
DA:33,0
DA:35,4
DA:38,4
DA:41,4
DA:43,4
DA:47,0
DA:50,4
DA:112,4
DA:114,4
DA:115,4
DA:123,4
LF:16
LH:13
end_of_record
