TN:
SF:/home/runner/work/MeshToolBox/MeshToolBox/App/Include/Application/ExtraDataContainer.h
FN:14,14,_ZN4Data9ExtraData18ExtraDataContainerC2Ev
FN:15,15,_ZN4Data9ExtraData18ExtraDataContainerD2Ev
FN:18,18,_ZN4Data9ExtraData18ExtraDataContainerC2ERKS1_
FN:22,22,_ZN4Data9ExtraData18ExtraDataContainerC2EOS1_
FN:35,42,_ZN4Data9ExtraData18ExtraDataContainer3GetINS0_26FlatVertexNormalsExtraDataEEEPT_v
FN:46,53,_ZNK4Data9ExtraData18ExtraDataContainer3GetIN3glm3vecILi2EfLNS3_9qualifierE0EEEEEPKT_v
FN:46,53,_ZNK4Data9ExtraData18ExtraDataContainer3GetIN3glm3vecILi3EfLNS3_9qualifierE0EEEEEPKT_v
FN:57,67,_ZN4Data9ExtraData18ExtraDataContainer11GetOrCreateIN3glm3vecILi2EfLNS3_9qualifierE0EEEEERT_v
FN:57,67,_ZN4Data9ExtraData18ExtraDataContainer11GetOrCreateIN3glm3vecILi3EfLNS3_9qualifierE0EEEEERT_v
FN:57,67,_ZN4Data9ExtraData18ExtraDataContainer11GetOrCreateINS0_19FaceNormalExtraDataEEERT_v
FN:57,67,_ZN4Data9ExtraData18ExtraDataContainer11GetOrCreateINS0_21VertexNormalExtraDataEEERT_v
FN:57,67,_ZN4Data9ExtraData18ExtraDataContainer11GetOrCreateINS0_26FlatVertexNormalsExtraDataEEERT_v
FN:71,76,_ZN4Data9ExtraData18ExtraDataContainer5EraseINS0_26FlatVertexNormalsExtraDataEEEvv
FN:80,83,_ZNK4Data9ExtraData18ExtraDataContainer3HasIN3glm3vecILi2EfLNS3_9qualifierE0EEEEEbv
FN:80,83,_ZNK4Data9ExtraData18ExtraDataContainer3HasIN3glm3vecILi3EfLNS3_9qualifierE0EEEEEbv
FN:80,83,_ZNK4Data9ExtraData18ExtraDataContainer3HasINS0_26FlatVertexNormalsExtraDataEEEbv
FNDA:55,_ZN4Data9ExtraData18ExtraDataContainerC2Ev
FNDA:0,_ZN4Data9ExtraData18ExtraDataContainerD2Ev
FNDA:0,_ZN4Data9ExtraData18ExtraDataContainerC2ERKS1_
FNDA:21,_ZN4Data9ExtraData18ExtraDataContainerC2EOS1_
FNDA:8,_ZN4Data9ExtraData18ExtraDataContainer3GetINS0_26FlatVertexNormalsExtraDataEEEPT_v
FNDA:4,_ZNK4Data9ExtraData18ExtraDataContainer3GetIN3glm3vecILi2EfLNS3_9qualifierE0EEEEEPKT_v
FNDA:4,_ZNK4Data9ExtraData18ExtraDataContainer3GetIN3glm3vecILi3EfLNS3_9qualifierE0EEEEEPKT_v
FNDA:0,_ZN4Data9ExtraData18ExtraDataContainer11GetOrCreateIN3glm3vecILi2EfLNS3_9qualifierE0EEEEERT_v
FNDA:0,_ZN4Data9ExtraData18ExtraDataContainer11GetOrCreateIN3glm3vecILi3EfLNS3_9qualifierE0EEEEERT_v
FNDA:12,_ZN4Data9ExtraData18ExtraDataContainer11GetOrCreateINS0_19FaceNormalExtraDataEEERT_v
FNDA:8,_ZN4Data9ExtraData18ExtraDataContainer11GetOrCreateINS0_21VertexNormalExtraDataEEERT_v
FNDA:36,_ZN4Data9ExtraData18ExtraDataContainer11GetOrCreateINS0_26FlatVertexNormalsExtraDataEEERT_v
FNDA:8,_ZN4Data9ExtraData18ExtraDataContainer5EraseINS0_26FlatVertexNormalsExtraDataEEEvv
FNDA:7,_ZNK4Data9ExtraData18ExtraDataContainer3HasIN3glm3vecILi2EfLNS3_9qualifierE0EEEEEbv
FNDA:7,_ZNK4Data9ExtraData18ExtraDataContainer3HasIN3glm3vecILi3EfLNS3_9qualifierE0EEEEEbv
FNDA:8,_ZNK4Data9ExtraData18ExtraDataContainer3HasINS0_26FlatVertexNormalsExtraDataEEEbv
FNF:16
FNH:12
DA:14,55
DA:15,0
DA:18,0
DA:22,21
DA:35,8
DA:37,8
DA:38,8
DA:39,0
DA:41,8
DA:46,8
DA:48,8
DA:49,8
DA:50,0
DA:52,8
DA:57,56
DA:59,56
DA:60,56
DA:62,28
DA:63,28
DA:66,112
DA:71,8
DA:73,8
DA:74,8
DA:75,8
DA:76,8
DA:80,22
DA:82,22
LF:27
LH:23
end_of_record
TN:
SF:/home/runner/work/MeshToolBox/MeshToolBox/App/Include/Application/ExtraDataType.h
FN:13,13,_ZN4Data9ExtraData17BaseExtraDataTypeD0Ev
FN:13,13,_ZN4Data9ExtraData17BaseExtraDataTypeD2Ev
FN:21,21,_ZN4Data9ExtraData19SingleDataExtraDataIN3glm3vecILi3EfLNS2_9qualifierE0EEEEC2Ev
FN:21,21,_ZN4Data9ExtraData19SingleDataExtraDataISt6vectorIN3glm3vecILi3EfLNS3_9qualifierE0EEESaIS6_EEEC2Ev
FN:22,22,_ZN4Data9ExtraData19SingleDataExtraDataIN3glm3vecILi3EfLNS2_9qualifierE0EEEED0Ev
FN:22,22,_ZN4Data9ExtraData19SingleDataExtraDataIN3glm3vecILi3EfLNS2_9qualifierE0EEEED2Ev
FN:22,22,_ZN4Data9ExtraData19SingleDataExtraDataISt6vectorIN3glm3vecILi3EfLNS3_9qualifierE0EEESaIS6_EEED0Ev
FN:22,22,_ZN4Data9ExtraData19SingleDataExtraDataISt6vectorIN3glm3vecILi3EfLNS3_9qualifierE0EEESaIS6_EEED2Ev
FN:24,24,_ZNK4Data9ExtraData19SingleDataExtraDataISt6vectorIN3glm3vecILi3EfLNS3_9qualifierE0EEESaIS6_EEE7GetDataEv
FN:26,26,_ZN4Data9ExtraData19SingleDataExtraDataISt6vectorIN3glm3vecILi3EfLNS3_9qualifierE0EEESaIS6_EEE7GetDataEv
FN:28,28,_ZN4Data9ExtraData19SingleDataExtraDataIN3glm3vecILi3EfLNS2_9qualifierE0EEEE7SetDataERKS5_
FN:37,37,_ZN4Data9ExtraData19FaceNormalExtraData7GetNameB5cxx11Ev
FN:43,43,_ZN4Data9ExtraData21VertexNormalExtraData7GetNameB5cxx11Ev
FN:49,49,_ZN4Data9ExtraData26FlatVertexNormalsExtraData7GetNameB5cxx11Ev
FNDA:0,_ZN4Data9ExtraData17BaseExtraDataTypeD0Ev
FNDA:0,_ZN4Data9ExtraData17BaseExtraDataTypeD2Ev
FNDA:20,_ZN4Data9ExtraData19SingleDataExtraDataIN3glm3vecILi3EfLNS2_9qualifierE0EEEEC2Ev
FNDA:8,_ZN4Data9ExtraData19SingleDataExtraDataISt6vectorIN3glm3vecILi3EfLNS3_9qualifierE0EEESaIS6_EEEC2Ev
FNDA:0,_ZN4Data9ExtraData19SingleDataExtraDataIN3glm3vecILi3EfLNS2_9qualifierE0EEEED0Ev
FNDA:0,_ZN4Data9ExtraData19SingleDataExtraDataIN3glm3vecILi3EfLNS2_9qualifierE0EEEED2Ev
FNDA:0,_ZN4Data9ExtraData19SingleDataExtraDataISt6vectorIN3glm3vecILi3EfLNS3_9qualifierE0EEESaIS6_EEED0Ev
FNDA:16,_ZN4Data9ExtraData19SingleDataExtraDataISt6vectorIN3glm3vecILi3EfLNS3_9qualifierE0EEESaIS6_EEED2Ev
FNDA:16,_ZNK4Data9ExtraData19SingleDataExtraDataISt6vectorIN3glm3vecILi3EfLNS3_9qualifierE0EEESaIS6_EEE7GetDataEv
FNDA:36,_ZN4Data9ExtraData19SingleDataExtraDataISt6vectorIN3glm3vecILi3EfLNS3_9qualifierE0EEESaIS6_EEE7GetDataEv
FNDA:20,_ZN4Data9ExtraData19SingleDataExtraDataIN3glm3vecILi3EfLNS2_9qualifierE0EEEE7SetDataERKS5_
FNDA:0,_ZN4Data9ExtraData19FaceNormalExtraData7GetNameB5cxx11Ev
FNDA:0,_ZN4Data9ExtraData21VertexNormalExtraData7GetNameB5cxx11Ev
FNDA:0,_ZN4Data9ExtraData26FlatVertexNormalsExtraData7GetNameB5cxx11Ev
FNF:14
FNH:6
DA:13,0
DA:21,28
DA:22,16
DA:24,16
DA:26,36
DA:28,20
DA:37,0
DA:43,0
DA:49,0
LF:9
LH:5
end_of_record
TN:
SF:/home/runner/work/MeshToolBox/MeshToolBox/App/Include/Application/Mesh.h
FN:39,39,_ZN4Data7Surface4MeshC2Ev
FN:42,42,_ZN4Data7Surface4MeshD2Ev
FNDA:3,_ZN4Data7Surface4MeshC2Ev
FNDA:0,_ZN4Data7Surface4MeshD2Ev
FNF:2
FNH:1
DA:39,3
DA:42,0
LF:2
LH:1
end_of_record
TN:
SF:/home/runner/work/MeshToolBox/MeshToolBox/App/Include/Application/PrimitiveProxy.h
FN:106,110,_ZNK4Data9Primitive11VertexProxy12GetExtraDataINS_9ExtraData26FlatVertexNormalsExtraDataEEEPKT_v
FN:114,118,_ZNK4Data9Primitive11VertexProxy20GetOrCreateExtraDataIN3glm3vecILi2EfLNS3_9qualifierE0EEEEERT_v
FN:114,118,_ZNK4Data9Primitive11VertexProxy20GetOrCreateExtraDataIN3glm3vecILi3EfLNS3_9qualifierE0EEEEERT_v
FN:114,118,_ZNK4Data9Primitive11VertexProxy20GetOrCreateExtraDataINS_9ExtraData21VertexNormalExtraDataEEERT_v
FN:114,118,_ZNK4Data9Primitive11VertexProxy20GetOrCreateExtraDataINS_9ExtraData26FlatVertexNormalsExtraDataEEERT_v
FN:130,133,_ZNK4Data9Primitive11VertexProxy12HasExtraDataINS_9ExtraData26FlatVertexNormalsExtraDataEEEbv
FN:137,141,_ZNK4Data9Primitive11VertexProxy14EraseExtraDataINS_9ExtraData26FlatVertexNormalsExtraDataEEEvv
FN:33,37,_ZNK4Data9Primitive9FaceProxy20GetOrCreateExtraDataINS_9ExtraData19FaceNormalExtraDataEEERT_v
FNDA:8,_ZNK4Data9Primitive11VertexProxy12GetExtraDataINS_9ExtraData26FlatVertexNormalsExtraDataEEEPKT_v
FNDA:0,_ZNK4Data9Primitive11VertexProxy20GetOrCreateExtraDataIN3glm3vecILi2EfLNS3_9qualifierE0EEEEERT_v
FNDA:0,_ZNK4Data9Primitive11VertexProxy20GetOrCreateExtraDataIN3glm3vecILi3EfLNS3_9qualifierE0EEEEERT_v
FNDA:8,_ZNK4Data9Primitive11VertexProxy20GetOrCreateExtraDataINS_9ExtraData21VertexNormalExtraDataEEERT_v
FNDA:36,_ZNK4Data9Primitive11VertexProxy20GetOrCreateExtraDataINS_9ExtraData26FlatVertexNormalsExtraDataEEERT_v
FNDA:8,_ZNK4Data9Primitive11VertexProxy12HasExtraDataINS_9ExtraData26FlatVertexNormalsExtraDataEEEbv
FNDA:8,_ZNK4Data9Primitive11VertexProxy14EraseExtraDataINS_9ExtraData26FlatVertexNormalsExtraDataEEEvv
FNDA:12,_ZNK4Data9Primitive9FaceProxy20GetOrCreateExtraDataINS_9ExtraData19FaceNormalExtraDataEEERT_v
FNF:8
FNH:6
DA:33,12
DA:35,12
DA:36,12
DA:106,8
DA:108,8
DA:109,8
DA:114,44
DA:116,44
DA:117,44
DA:130,8
DA:132,8
DA:137,8
DA:139,8
DA:140,8
LF:14
LH:14
end_of_record
TN:
SF:/home/runner/work/MeshToolBox/MeshToolBox/App/Include/Application/VertexPair.h
FN:44,49,_ZNKSt4hashIN4Data9Primitive10VertexPairEEclERKS2_
FNDA:0,_ZNKSt4hashIN4Data9Primitive10VertexPairEEclERKS2_
FNF:1
FNH:0
DA:44,0
DA:46,0
DA:47,0
DA:48,0
LF:4
LH:0
end_of_record
TN:
SF:/home/runner/work/MeshToolBox/MeshToolBox/App/Source/Mesh.cpp
FN:101,104,_ZN4Data7Surface4Mesh26AddFacesExtraDataContainerEv
FN:106,152,_ZN4Data7Surface4Mesh22UpdateMeshConnectivityEv
FN:127,139,_ZZN4Data7Surface4Mesh22UpdateMeshConnectivityEvENKUljjhE_clEjjh
FN:154,157,_ZN4Data7Surface4Mesh11GetVerticesEv
FN:159,162,_ZNK4Data7Surface4Mesh11GetVerticesEv
FN:164,167,_ZN4Data7Surface4Mesh8GetFacesEv
FN:169,172,_ZNK4Data7Surface4Mesh8GetFacesEv
FN:174,177,_ZNK4Data7Surface4Mesh29HasVerticesExtraDataContainerEv
FN:179,182,_ZNK4Data7Surface4Mesh26HasFacesExtraDataContainerEv
FN:184,260,_ZN4Data7Surface4Mesh18ComputeFaceNormalsEb
FN:19,24,_ZN4Data7Surface4MeshC2ERKS1_
FN:27,30,_ZNK4Data7Surface4Mesh5CloneEv
FN:32,35,_ZNK4Data7Surface4Mesh14GetVertexCountEv
FN:37,40,_ZNK4Data7Surface4Mesh12GetFaceCountEv
FN:42,46,_ZN4Data7Surface4Mesh9GetVertexEj
FN:48,52,_ZN4Data7Surface4Mesh7GetFaceEj
FN:54,58,_ZNK4Data7Surface4Mesh13GetVertexDataEj
FN:60,64,_ZN4Data7Surface4Mesh13GetVertexDataEj
FN:66,70,_ZNK4Data7Surface4Mesh11GetFaceDataEj
FN:72,76,_ZN4Data7Surface4Mesh11GetFaceDataEj
FN:78,85,_ZN4Data7Surface4Mesh9AddVertexERKNS_9Primitive6VertexE
FN:87,94,_ZN4Data7Surface4Mesh7AddFaceERKNS_9Primitive4FaceE
FN:96,99,_ZN4Data7Surface4Mesh29AddVerticesExtraDataContainerEv
FNDA:5,_ZN4Data7Surface4Mesh26AddFacesExtraDataContainerEv
FNDA:5,_ZN4Data7Surface4Mesh22UpdateMeshConnectivityEv
FNDA:102,_ZZN4Data7Surface4Mesh22UpdateMeshConnectivityEvENKUljjhE_clEjjh
FNDA:3,_ZN4Data7Surface4Mesh11GetVerticesEv
FNDA:0,_ZNK4Data7Surface4Mesh11GetVerticesEv
FNDA:3,_ZN4Data7Surface4Mesh8GetFacesEv
FNDA:0,_ZNK4Data7Surface4Mesh8GetFacesEv
FNDA:154,_ZNK4Data7Surface4Mesh29HasVerticesExtraDataContainerEv
FNDA:38,_ZNK4Data7Surface4Mesh26HasFacesExtraDataContainerEv
FNDA:1,_ZN4Data7Surface4Mesh18ComputeFaceNormalsEb
FNDA:2,_ZN4Data7Surface4MeshC2ERKS1_
FNDA:1,_ZNK4Data7Surface4Mesh5CloneEv
FNDA:239,_ZNK4Data7Surface4Mesh14GetVertexCountEv
FNDA:263,_ZNK4Data7Surface4Mesh12GetFaceCountEv
FNDA:89,_ZN4Data7Surface4Mesh9GetVertexEj
FNDA:33,_ZN4Data7Surface4Mesh7GetFaceEj
FNDA:15,_ZNK4Data7Surface4Mesh13GetVertexDataEj
FNDA:10,_ZN4Data7Surface4Mesh13GetVertexDataEj
FNDA:54,_ZNK4Data7Surface4Mesh11GetFaceDataEj
FNDA:10,_ZN4Data7Surface4Mesh11GetFaceDataEj
FNDA:153,_ZN4Data7Surface4Mesh9AddVertexERKNS_9Primitive6VertexE
FNDA:95,_ZN4Data7Surface4Mesh7AddFaceERKNS_9Primitive4FaceE
FNDA:5,_ZN4Data7Surface4Mesh29AddVerticesExtraDataContainerEv
FNF:23
FNH:21
DA:19,2
DA:20,2
DA:21,2
DA:22,2
DA:23,2
DA:24,2
DA:27,1
DA:29,1
DA:32,239
DA:34,239
DA:37,263
DA:39,263
DA:42,89
DA:44,89
DA:45,89
DA:48,33
DA:50,33
DA:51,33
DA:54,15
DA:56,15
DA:57,15
DA:60,10
DA:62,10
DA:63,10
DA:66,54
DA:68,54
DA:69,54
DA:72,10
DA:74,10
DA:75,10
DA:78,153
DA:80,153
DA:81,153
DA:82,1
DA:83,153
DA:84,153
DA:87,95
DA:89,95
DA:90,95
DA:91,1
DA:92,95
DA:93,95
DA:96,5
DA:98,5
DA:99,5
DA:101,5
DA:103,5
DA:104,5
DA:106,5
DA:108,5
DA:110,39
DA:112,34
DA:115,136
DA:117,102
DA:118,102
DA:120,102
DA:122,102
DA:123,40
DA:127,102
DA:129,102
DA:131,69
DA:135,33
DA:136,33
DA:137,33
DA:139,102
DA:141,34
DA:142,34
DA:143,34
DA:146,34
DA:148,34
DA:150,34
DA:152,5
DA:154,3
DA:156,3
DA:159,0
DA:161,0
DA:164,3
DA:166,3
DA:169,0
DA:171,0
DA:174,154
DA:176,154
DA:179,38
DA:181,38
DA:184,1
DA:186,1
DA:187,1
DA:189,1
DA:190,1
DA:192,13
DA:194,12
DA:196,12
DA:197,12
DA:198,12
DA:200,12
DA:201,12
DA:203,12
DA:204,12
DA:205,12
DA:207,12
DA:210,12
DA:211,12
DA:213,12
DA:214,12
DA:217,12
DA:218,12
DA:219,12
DA:222,12
DA:223,12
DA:224,12
DA:227,12
DA:228,12
DA:229,12
DA:230,12
DA:231,12
DA:232,12
DA:236,1
DA:239,9
DA:242,8
DA:243,8
DA:246,8
DA:247,8
DA:250,24
DA:251,8
DA:252,8
DA:256,8
DA:257,8
DA:260,1
LF:128
LH:124
end_of_record
TN:
SF:/home/runner/work/MeshToolBox/MeshToolBox/App/Source/MeshCirculator.cpp
FN:10,30,_ZN4Data7Surface4Mesh30VerticesAroundVertexCirculatorC2ERKS1_j
FN:103,106,_ZN4Data7Surface4Mesh30VerticesAroundVertexCirculator11SetIsActiveEb
FN:108,117,_ZN4Data7Surface4Mesh30VerticesAroundVertexCirculator29UpdateCurVertexIndexInCWOrderEv
FN:119,128,_ZN4Data7Surface4Mesh30VerticesAroundVertexCirculator30UpdateCurVertexIndexInCCWOrderEv
FN:131,134,_ZN4Data7Surface4Mesh25VerticesAroundVertexRangeC2ERKS1_j
FN:136,141,_ZNK4Data7Surface4Mesh25VerticesAroundVertexRange5beginEv
FN:143,148,_ZNK4Data7Surface4Mesh25VerticesAroundVertexRange3endEv
FN:150,153,_ZNK4Data7Surface4Mesh23GetVerticesAroundVertexEj
FN:156,168,_ZN4Data7Surface4Mesh27FacesAroundVertexCirculatorC2ERKS1_j
FN:170,177,_ZNK4Data7Surface4Mesh27FacesAroundVertexCirculatoreqERKS2_
FN:179,182,_ZNK4Data7Surface4Mesh27FacesAroundVertexCirculatorneERKS2_
FN:184,231,_ZN4Data7Surface4Mesh27FacesAroundVertexCirculatorppEv
FN:233,236,_ZNK4Data7Surface4Mesh27FacesAroundVertexCirculatordeEv
FN:238,241,_ZN4Data7Surface4Mesh27FacesAroundVertexCirculator11SetIsActiveEb
FN:244,247,_ZN4Data7Surface4Mesh22FacesAroundVertexRangeC2ERKS1_j
FN:249,254,_ZNK4Data7Surface4Mesh22FacesAroundVertexRange5beginEv
FN:256,261,_ZNK4Data7Surface4Mesh22FacesAroundVertexRange3endEv
FN:263,266,_ZNK4Data7Surface4Mesh20GetFacesAroundVertexEj
FN:32,39,_ZNK4Data7Surface4Mesh30VerticesAroundVertexCirculatoreqERKS2_
FN:41,44,_ZNK4Data7Surface4Mesh30VerticesAroundVertexCirculatorneERKS2_
FN:46,96,_ZN4Data7Surface4Mesh30VerticesAroundVertexCirculatorppEv
FN:98,101,_ZNK4Data7Surface4Mesh30VerticesAroundVertexCirculatordeEv
FNDA:8,_ZN4Data7Surface4Mesh30VerticesAroundVertexCirculatorC2ERKS1_j
FNDA:8,_ZN4Data7Surface4Mesh30VerticesAroundVertexCirculator11SetIsActiveEb
FNDA:5,_ZN4Data7Surface4Mesh30VerticesAroundVertexCirculator29UpdateCurVertexIndexInCWOrderEv
FNDA:8,_ZN4Data7Surface4Mesh30VerticesAroundVertexCirculator30UpdateCurVertexIndexInCCWOrderEv
FNDA:4,_ZN4Data7Surface4Mesh25VerticesAroundVertexRangeC2ERKS1_j
FNDA:4,_ZNK4Data7Surface4Mesh25VerticesAroundVertexRange5beginEv
FNDA:4,_ZNK4Data7Surface4Mesh25VerticesAroundVertexRange3endEv
FNDA:4,_ZNK4Data7Surface4Mesh23GetVerticesAroundVertexEj
FNDA:6,_ZN4Data7Surface4Mesh27FacesAroundVertexCirculatorC2ERKS1_j
FNDA:13,_ZNK4Data7Surface4Mesh27FacesAroundVertexCirculatoreqERKS2_
FNDA:13,_ZNK4Data7Surface4Mesh27FacesAroundVertexCirculatorneERKS2_
FNDA:10,_ZN4Data7Surface4Mesh27FacesAroundVertexCirculatorppEv
FNDA:10,_ZNK4Data7Surface4Mesh27FacesAroundVertexCirculatordeEv
FNDA:6,_ZN4Data7Surface4Mesh27FacesAroundVertexCirculator11SetIsActiveEb
FNDA:3,_ZN4Data7Surface4Mesh22FacesAroundVertexRangeC2ERKS1_j
FNDA:3,_ZNK4Data7Surface4Mesh22FacesAroundVertexRange5beginEv
FNDA:3,_ZNK4Data7Surface4Mesh22FacesAroundVertexRange3endEv
FNDA:3,_ZNK4Data7Surface4Mesh20GetFacesAroundVertexEj
FNDA:20,_ZNK4Data7Surface4Mesh30VerticesAroundVertexCirculatoreqERKS2_
FNDA:20,_ZNK4Data7Surface4Mesh30VerticesAroundVertexCirculatorneERKS2_
FNDA:16,_ZN4Data7Surface4Mesh30VerticesAroundVertexCirculatorppEv
FNDA:16,_ZNK4Data7Surface4Mesh30VerticesAroundVertexCirculatordeEv
FNF:22
FNH:22
DA:10,8
DA:11,8
DA:12,8
DA:15,8
DA:16,8
DA:19,8
DA:22,8
DA:24,8
DA:25,8
DA:28,8
DA:29,8
DA:30,8
DA:32,20
DA:35,20
DA:37,20
DA:38,20
DA:41,20
DA:43,20
DA:46,16
DA:48,16
DA:50,16
DA:54,11
DA:55,11
DA:57,11
DA:59,5
DA:61,2
DA:62,2
DA:63,2
DA:64,2
DA:65,2
DA:66,2
DA:70,3
DA:71,3
DA:76,8
DA:77,8
DA:78,8
DA:80,8
DA:85,5
DA:86,5
DA:87,5
DA:89,5
DA:90,3
DA:92,2
DA:95,13
DA:98,16
DA:100,16
DA:103,8
DA:105,8
DA:106,8
DA:108,5
DA:110,5
DA:111,5
DA:112,5
DA:115,5
DA:116,5
DA:117,5
DA:119,8
DA:121,8
DA:122,8
DA:123,8
DA:126,8
DA:127,8
DA:128,8
DA:131,4
DA:132,4
DA:133,4
DA:134,4
DA:136,4
DA:138,4
DA:139,4
DA:140,4
DA:143,4
DA:145,4
DA:146,4
DA:147,4
DA:150,4
DA:152,4
DA:156,6
DA:157,6
DA:158,6
DA:161,6
DA:162,6
DA:165,6
DA:166,6
DA:167,6
DA:168,6
DA:170,13
DA:173,13
DA:175,13
DA:176,13
DA:179,13
DA:181,13
DA:184,10
DA:186,10
DA:190,10
DA:191,10
DA:192,10
DA:193,10
DA:196,10
DA:198,8
DA:200,4
DA:202,2
DA:203,2
DA:204,2
DA:205,2
DA:206,2
DA:207,2
DA:211,2
DA:216,6
DA:217,6
DA:218,6
DA:223,2
DA:224,2
DA:225,2
DA:226,2
DA:227,2
DA:230,10
DA:233,10
DA:235,10
DA:238,6
DA:240,6
DA:241,6
DA:244,3
DA:245,3
DA:246,3
DA:247,3
DA:249,3
DA:251,3
DA:252,3
DA:253,3
DA:256,3
DA:258,3
DA:259,3
DA:260,3
DA:263,3
DA:265,3
LF:136
LH:136
end_of_record
TN:
SF:/home/runner/work/MeshToolBox/MeshToolBox/App/Source/MeshExporter.cpp
FN:18,40,_ZN9Utilitary7Surface12MeshExporter9ExportOFFERKN4Data7Surface4MeshERKNSt10filesystem7__cxx114pathE
FN:42,108,_ZN9Utilitary7Surface12MeshExporter9ExportOBJERKN4Data7Surface4MeshERKNSt10filesystem7__cxx114pathE
FNDA:1,_ZN9Utilitary7Surface12MeshExporter9ExportOFFERKN4Data7Surface4MeshERKNSt10filesystem7__cxx114pathE
FNDA:2,_ZN9Utilitary7Surface12MeshExporter9ExportOBJERKN4Data7Surface4MeshERKNSt10filesystem7__cxx114pathE
FNF:2
FNH:2
DA:18,1
DA:20,1
DA:22,1
DA:25,1
DA:28,1
DA:31,5
DA:32,4
DA:35,3
DA:36,4
DA:37,2
DA:39,1
DA:40,1
DA:42,2
DA:44,2
DA:46,2
DA:49,10
DA:50,8
DA:54,2
DA:56,5
DA:58,4
DA:59,4
DA:60,4
DA:66,2
DA:68,5
DA:70,4
DA:71,4
DA:72,4
DA:76,6
DA:78,4
DA:79,16
DA:82,12
DA:85,12
DA:86,12
DA:88,12
DA:90,6
DA:91,6
DA:94,6
DA:96,6
DA:98,6
DA:100,6
DA:104,4
DA:107,2
DA:108,2
LF:43
LH:43
end_of_record
TN:
SF:/home/runner/work/MeshToolBox/MeshToolBox/App/Source/MeshIntegrity.cpp
FN:9,78,_ZN9Utilitary7Surface13MeshIntegrity14CheckIntegrityERKN4Data7Surface4MeshE
FNDA:13,_ZN9Utilitary7Surface13MeshIntegrity14CheckIntegrityERKN4Data7Surface4MeshE
FNF:1
FNH:1
DA:9,13
DA:12,62
DA:14,52
DA:16,52
DA:17,1
DA:20,51
DA:21,1
DA:24,50
DA:25,50
DA:26,50
DA:27,1
DA:31,10
DA:32,10
DA:33,51
DA:35,47
DA:37,47
DA:38,1
DA:41,92
DA:42,92
DA:43,1
DA:45,176
DA:48,135
DA:49,1
DA:52,134
DA:53,134
DA:56,95
DA:57,95
DA:60,95
DA:61,1
DA:64,94
DA:65,1
DA:68,93
DA:69,93
DA:72,93
DA:73,1
DA:77,4
LF:36
LH:36
end_of_record
TN:
SF:/home/runner/work/MeshToolBox/MeshToolBox/App/Source/MeshLoader.cpp
FN:106,118,_ZZN9Utilitary7Surface10MeshLoader7LoadOFFERKNSt10filesystem7__cxx114pathEENKUljjhE_clEjjh
FN:136,256,_ZN9Utilitary7Surface10MeshLoader7LoadOBJERKNSt10filesystem7__cxx114pathE
FN:20,35,_ZN12_GLOBAL__N_125SkipCommentsAndWhitespaceERSt14basic_ifstreamIcSt11char_traitsIcEE
FN:227,239,_ZZN9Utilitary7Surface10MeshLoader7LoadOBJERKNSt10filesystem7__cxx114pathEENKUljjhE_clEjjh
FN:40,134,_ZN9Utilitary7Surface10MeshLoader7LoadOFFERKNSt10filesystem7__cxx114pathE
FNDA:72,_ZZN9Utilitary7Surface10MeshLoader7LoadOFFERKNSt10filesystem7__cxx114pathEENKUljjhE_clEjjh
FNDA:3,_ZN9Utilitary7Surface10MeshLoader7LoadOBJERKNSt10filesystem7__cxx114pathE
FNDA:85,_ZN12_GLOBAL__N_125SkipCommentsAndWhitespaceERSt14basic_ifstreamIcSt11char_traitsIcEE
FNDA:42,_ZZN9Utilitary7Surface10MeshLoader7LoadOBJERKNSt10filesystem7__cxx114pathEENKUljjhE_clEjjh
FNDA:4,_ZN9Utilitary7Surface10MeshLoader7LoadOFFERKNSt10filesystem7__cxx114pathE
FNF:5
FNH:5
DA:20,85
DA:22,182
DA:24,97
DA:27,13
DA:32,84
DA:35,85
DA:40,4
DA:42,4
DA:45,4
DA:47,1
DA:48,1
DA:52,3
DA:53,3
DA:54,3
DA:55,3
DA:57,1
DA:58,1
DA:61,2
DA:64,2
DA:66,2
DA:69,2
DA:70,18
DA:72,16
DA:73,16
DA:77,2
DA:79,2
DA:80,26
DA:82,24
DA:84,24
DA:87,24
DA:89,96
DA:92,72
DA:95,72
DA:98,72
DA:99,16
DA:102,72
DA:106,72
DA:108,72
DA:110,36
DA:114,36
DA:115,36
DA:116,36
DA:118,72
DA:120,24
DA:121,24
DA:122,24
DA:125,24
DA:127,24
DA:129,24
DA:132,2
DA:133,2
DA:134,4
DA:136,3
DA:138,3
DA:141,3
DA:143,1
DA:144,1
DA:148,2
DA:150,1
DA:151,1
DA:154,1
DA:157,1
DA:159,1
DA:160,1
DA:161,1
DA:162,40
DA:164,40
DA:166,40
DA:167,1
DA:169,39
DA:171,39
DA:173,9
DA:174,9
DA:175,9
DA:176,9
DA:178,30
DA:180,8
DA:181,8
DA:182,8
DA:184,22
DA:186,8
DA:187,8
DA:188,8
DA:190,14
DA:192,14
DA:193,14
DA:196,56
DA:200,42
DA:203,42
DA:204,84
DA:206,42
DA:208,42
DA:211,42
DA:213,42
DA:214,42
DA:215,9
DA:217,42
DA:220,210
DA:222,168
DA:227,42
DA:229,42
DA:231,21
DA:235,21
DA:236,21
DA:237,21
DA:239,42
DA:241,14
DA:242,14
DA:243,14
DA:246,14
DA:248,14
DA:250,14
DA:254,1
DA:255,1
DA:256,3
LF:115
LH:115
end_of_record
TN:
SF:/home/runner/work/MeshToolBox/MeshToolBox/App/Source/Primitive.cpp
FN:14,24,_ZZN9Utilitary9Primitive12GetEdgeIndexERKN4Data9Primitive4FaceEjjENKUljhE_clEjh
FN:39,46,_ZN9Utilitary9Primitive19GetVertexLocalIndexERKN4Data9Primitive4FaceEj
FN:8,37,_ZN9Utilitary9Primitive12GetEdgeIndexERKN4Data9Primitive4FaceEjj
FNDA:204,_ZZN9Utilitary9Primitive12GetEdgeIndexERKN4Data9Primitive4FaceEjjENKUljhE_clEjh
FNDA:46,_ZN9Utilitary9Primitive19GetVertexLocalIndexERKN4Data9Primitive4FaceEj
FNDA:106,_ZN9Utilitary9Primitive12GetEdgeIndexERKN4Data9Primitive4FaceEjj
FNF:3
FNH:3
DA:8,106
DA:11,106
DA:14,204
DA:16,204
DA:17,204
DA:18,204
DA:19,99
DA:20,105
DA:21,99
DA:23,6
DA:24,106
DA:27,424
DA:29,318
DA:30,318
DA:31,102
DA:32,216
DA:33,102
DA:36,106
DA:39,46
DA:41,99
DA:42,96
DA:43,43
DA:45,3
LF:23
LH:23
end_of_record
TN:
SF:/home/runner/work/MeshToolBox/MeshToolBox/App/Source/PrimitiveProxy.cpp
FN:10,13,_ZN4Data9Primitive9FaceProxyC2ERNS_7Surface4MeshEj
FN:15,18,_ZNK4Data9Primitive9FaceProxy8GetIndexEv
FN:20,23,_ZN4Data9Primitive9FaceProxy7GetFaceEv
FN:25,28,_ZNK4Data9Primitive9FaceProxy7GetFaceEv
FN:30,34,_ZNK4Data9Primitive9FaceProxy9GetVertexEh
FN:36,39,_ZNK4Data9Primitive9FaceProxy11GetVerticesEv
FN:41,45,_ZNK4Data9Primitive9FaceProxy11GetNeighborEh
FN:47,50,_ZNK4Data9Primitive9FaceProxy12GetNeighborsEv
FN:54,57,_ZN4Data9Primitive11VertexProxyC2ERNS_7Surface4MeshEj
FN:59,62,_ZNK4Data9Primitive11VertexProxy8GetIndexEv
FN:64,67,_ZN4Data9Primitive11VertexProxy9GetVertexEv
FN:69,72,_ZNK4Data9Primitive11VertexProxy9GetVertexEv
FN:74,77,_ZN4Data9Primitive11VertexProxy11GetPositionEv
FN:79,82,_ZNK4Data9Primitive11VertexProxy11GetPositionEv
FN:84,87,_ZNK4Data9Primitive11VertexProxy15GetIncidentFaceEv
FNDA:33,_ZN4Data9Primitive9FaceProxyC2ERNS_7Surface4MeshEj
FNDA:3,_ZNK4Data9Primitive9FaceProxy8GetIndexEv
FNDA:1,_ZN4Data9Primitive9FaceProxy7GetFaceEv
FNDA:84,_ZNK4Data9Primitive9FaceProxy7GetFaceEv
FNDA:78,_ZNK4Data9Primitive9FaceProxy9GetVertexEh
FNDA:2,_ZNK4Data9Primitive9FaceProxy11GetVerticesEv
FNDA:2,_ZNK4Data9Primitive9FaceProxy11GetNeighborEh
FNDA:2,_ZNK4Data9Primitive9FaceProxy12GetNeighborsEv
FNDA:89,_ZN4Data9Primitive11VertexProxyC2ERNS_7Surface4MeshEj
FNDA:3,_ZNK4Data9Primitive11VertexProxy8GetIndexEv
FNDA:4,_ZN4Data9Primitive11VertexProxy9GetVertexEv
FNDA:3,_ZNK4Data9Primitive11VertexProxy9GetVertexEv
FNDA:3,_ZN4Data9Primitive11VertexProxy11GetPositionEv
FNDA:1,_ZNK4Data9Primitive11VertexProxy11GetPositionEv
FNDA:2,_ZNK4Data9Primitive11VertexProxy15GetIncidentFaceEv
FNF:15
FNH:15
DA:10,33
DA:11,33
DA:12,33
DA:13,33
DA:15,3
DA:17,3
DA:20,1
DA:22,1
DA:25,84
DA:27,84
DA:30,78
DA:32,78
DA:33,78
DA:36,2
DA:38,2
DA:41,2
DA:43,2
DA:44,2
DA:47,2
DA:49,2
DA:54,89
DA:55,89
DA:56,89
DA:57,89
DA:59,3
DA:61,3
DA:64,4
DA:66,4
DA:69,3
DA:71,3
DA:74,3
DA:76,3
DA:79,1
DA:81,1
DA:84,2
DA:86,2
LF:36
LH:36
end_of_record
TN:
SF:/home/runner/work/MeshToolBox/MeshToolBox/App/Source/VertexPair.cpp
FN:25,29,_ZNK4Data9Primitive10VertexPaireqERKS1_
FN:31,34,_ZNK4Data9Primitive10VertexPair15GetMinVertexIdxEv
FN:36,39,_ZNK4Data9Primitive10VertexPair15GetMaxVertexIdxEv
FN:7,23,_ZN4Data9Primitive10VertexPairC2Ejj
FNDA:531,_ZNK4Data9Primitive10VertexPaireqERKS1_
FNDA:429,_ZNK4Data9Primitive10VertexPair15GetMinVertexIdxEv
FNDA:429,_ZNK4Data9Primitive10VertexPair15GetMaxVertexIdxEv
FNDA:436,_ZN4Data9Primitive10VertexPairC2Ejj
FNF:4
FNH:4
DA:7,436
DA:9,436
DA:11,220
DA:12,220
DA:14,216
DA:16,215
DA:17,215
DA:21,1
DA:23,435
DA:25,531
DA:27,181
DA:28,712
DA:31,429
DA:33,429
DA:36,429
DA:38,429
LF:16
LH:16
end_of_record
TN:
SF:/home/runner/work/MeshToolBox/MeshToolBox/Core/Include/Core/PrintHelpers.h
FN:112,123,_ZN12PrintHelpers6detail9ErrorImplIJNSt7__cxx1112basic_stringIcSt11char_traitsIcESaIcEEEEEEvRKSt15source_locationSt19basic_format_stringIcJDpNSt13type_identityIT_E4typeEEEDpOSD_
FN:126,141,_ZN12PrintHelpers6detail9DebugImplIJNSt7__cxx1112basic_stringIcSt11char_traitsIcESaIcEEEEEEvRKSt15source_locationSt19basic_format_stringIcJDpNSt13type_identityIT_E4typeEEEDpOSD_
FN:23,51,_ZN12PrintHelpers19ExtractFunctionNameESt17basic_string_viewIcSt11char_traitsIcEE
FNDA:4,_ZN12PrintHelpers6detail9ErrorImplIJNSt7__cxx1112basic_stringIcSt11char_traitsIcESaIcEEEEEEvRKSt15source_locationSt19basic_format_stringIcJDpNSt13type_identityIT_E4typeEEEDpOSD_
FNDA:0,_ZN12PrintHelpers6detail9DebugImplIJNSt7__cxx1112basic_stringIcSt11char_traitsIcESaIcEEEEEEvRKSt15source_locationSt19basic_format_stringIcJDpNSt13type_identityIT_E4typeEEEDpOSD_
FNDA:0,_ZN12PrintHelpers19ExtractFunctionNameESt17basic_string_viewIcSt11char_traitsIcEE
FNF:3
FNH:1
DA:23,0
DA:26,0
DA:27,0
DA:28,0
DA:32,0
DA:33,0
DA:35,0
DA:38,0
DA:41,0
DA:43,0
DA:47,0
DA:50,0
DA:112,4
DA:114,4
DA:115,4
DA:123,4
DA:126,0
DA:131,0
DA:132,0
DA:141,0
LF:20
LH:4
end_of_record
