TN:
SF:/home/runner/work/SandBox/SandBox/App/Include/Application/ExtraDataContainer.h
FN:14,14,_ZN4Data8Internal18ExtraDataContainerC2Ev
FN:15,15,_ZN4Data8Internal18ExtraDataContainerD2Ev
FN:22,22,_ZN4Data8Internal18ExtraDataContainerC2EOS1_
FN:45,52,_ZNK4Data8Internal18ExtraDataContainer3GetIN3glm3vecILi2EfLNS3_9qualifierE0EEEEEPKT_v
FN:45,52,_ZNK4Data8Internal18ExtraDataContainer3GetIN3glm3vecILi3EfLNS3_9qualifierE0EEEEEPKT_v
FN:56,66,_ZN4Data8Internal18ExtraDataContainer11GetOrCreateIN3glm3vecILi2EfLNS3_9qualifierE0EEEEERT_v
FN:56,66,_ZN4Data8Internal18ExtraDataContainer11GetOrCreateIN3glm3vecILi3EfLNS3_9qualifierE0EEEEERT_v
FN:70,73,_ZNK4Data8Internal18ExtraDataContainer3HasIN3glm3vecILi2EfLNS3_9qualifierE0EEEEEbv
FN:70,73,_ZNK4Data8Internal18ExtraDataContainer3HasIN3glm3vecILi3EfLNS3_9qualifierE0EEEEEbv
FNDA:155,_ZN4Data8Internal18ExtraDataContainerC2Ev
FNDA:0,_ZN4Data8Internal18ExtraDataContainerD2Ev
FNDA:118,_ZN4Data8Internal18ExtraDataContainerC2EOS1_
FNDA:4,_ZNK4Data8Internal18ExtraDataContainer3GetIN3glm3vecILi2EfLNS3_9qualifierE0EEEEEPKT_v
FNDA:4,_ZNK4Data8Internal18ExtraDataContainer3GetIN3glm3vecILi3EfLNS3_9qualifierE0EEEEEPKT_v
FNDA:0,_ZN4Data8Internal18ExtraDataContainer11GetOrCreateIN3glm3vecILi2EfLNS3_9qualifierE0EEEEERT_v
FNDA:0,_ZN4Data8Internal18ExtraDataContainer11GetOrCreateIN3glm3vecILi3EfLNS3_9qualifierE0EEEEERT_v
FNDA:14,_ZNK4Data8Internal18ExtraDataContainer3HasIN3glm3vecILi2EfLNS3_9qualifierE0EEEEEbv
FNDA:14,_ZNK4Data8Internal18ExtraDataContainer3HasIN3glm3vecILi3EfLNS3_9qualifierE0EEEEEbv
FNF:9
FNH:6
DA:14,155
DA:15,0
DA:22,118
DA:45,8
DA:47,8
DA:48,8
DA:49,0
DA:51,8
DA:56,0
DA:58,0
DA:59,0
DA:61,0
DA:62,0
DA:65,0
DA:70,28
DA:72,28
LF:16
LH:8
end_of_record
TN:
SF:/home/runner/work/SandBox/SandBox/App/Include/Application/Mesh.h
FN:38,38,_ZN4Data7Surface4MeshC2Ev
FN:41,41,_ZN4Data7Surface4MeshD2Ev
FNDA:2,_ZN4Data7Surface4MeshC2Ev
FNDA:0,_ZN4Data7Surface4MeshD2Ev
FNF:2
FNH:1
DA:38,2
DA:41,0
LF:2
LH:1
end_of_record
TN:
SF:/home/runner/work/SandBox/SandBox/App/Include/Application/PrimitiveProxy.h
FN:100,103,_ZN4Data9Primitive11VertexProxy20GetOrCreateExtraDataIN3glm3vecILi2EfLNS3_9qualifierE0EEEEERT_v
FN:100,103,_ZN4Data9Primitive11VertexProxy20GetOrCreateExtraDataIN3glm3vecILi3EfLNS3_9qualifierE0EEEEERT_v
FNDA:0,_ZN4Data9Primitive11VertexProxy20GetOrCreateExtraDataIN3glm3vecILi2EfLNS3_9qualifierE0EEEEERT_v
FNDA:0,_ZN4Data9Primitive11VertexProxy20GetOrCreateExtraDataIN3glm3vecILi3EfLNS3_9qualifierE0EEEEERT_v
FNF:2
FNH:0
DA:100,0
DA:102,0
LF:2
LH:0
end_of_record
TN:
SF:/home/runner/work/SandBox/SandBox/App/Include/Application/VertexPair.h
FN:42,47,_ZNKSt4hashIN4Data9Primitive10VertexPairEEclERKS2_
FNDA:0,_ZNKSt4hashIN4Data9Primitive10VertexPairEEclERKS2_
FNF:1
FNH:0
DA:42,0
DA:44,0
DA:45,0
DA:46,0
LF:4
LH:0
end_of_record
TN:
SF:/home/runner/work/SandBox/SandBox/App/Source/Mesh.cpp
FN:10,19,_ZN4Data7Surface4MeshC2ERKS1_
FN:101,104,_ZN4Data7Surface4Mesh11GetVerticesEv
FN:106,109,_ZNK4Data7Surface4Mesh11GetVerticesEv
FN:111,114,_ZN4Data7Surface4Mesh8GetFacesEv
FN:116,119,_ZNK4Data7Surface4Mesh8GetFacesEv
FN:22,25,_ZNK4Data7Surface4Mesh5CloneEv
FN:27,30,_ZNK4Data7Surface4Mesh14GetVertexCountEv
FN:32,35,_ZNK4Data7Surface4Mesh12GetFaceCountEv
FN:37,41,_ZN4Data7Surface4Mesh9GetVertexEj
FN:43,47,_ZN4Data7Surface4Mesh7GetFaceEj
FN:49,53,_ZNK4Data7Surface4Mesh13GetVertexDataEj
FN:55,59,_ZN4Data7Surface4Mesh13GetVertexDataEj
FN:61,65,_ZNK4Data7Surface4Mesh11GetFaceDataEj
FN:67,71,_ZN4Data7Surface4Mesh11GetFaceDataEj
FN:73,80,_ZN4Data7Surface4Mesh9AddVertexERKNS_9Primitive6VertexE
FN:82,89,_ZN4Data7Surface4Mesh7AddFaceERKNS_9Primitive4FaceE
FN:91,94,_ZN4Data7Surface4Mesh29AddVerticesExtraDataContainerEv
FN:96,99,_ZN4Data7Surface4Mesh26AddFacesExtraDataContainerEv
FNDA:1,_ZN4Data7Surface4MeshC2ERKS1_
FNDA:3,_ZN4Data7Surface4Mesh11GetVerticesEv
FNDA:0,_ZNK4Data7Surface4Mesh11GetVerticesEv
FNDA:3,_ZN4Data7Surface4Mesh8GetFacesEv
FNDA:0,_ZNK4Data7Surface4Mesh8GetFacesEv
FNDA:0,_ZNK4Data7Surface4Mesh5CloneEv
FNDA:134,_ZNK4Data7Surface4Mesh14GetVertexCountEv
FNDA:99,_ZNK4Data7Surface4Mesh12GetFaceCountEv
FNDA:32,_ZN4Data7Surface4Mesh9GetVertexEj
FNDA:4,_ZN4Data7Surface4Mesh7GetFaceEj
FNDA:1,_ZNK4Data7Surface4Mesh13GetVertexDataEj
FNDA:7,_ZN4Data7Surface4Mesh13GetVertexDataEj
FNDA:1,_ZNK4Data7Surface4Mesh11GetFaceDataEj
FNDA:7,_ZN4Data7Surface4Mesh11GetFaceDataEj
FNDA:94,_ZN4Data7Surface4Mesh9AddVertexERKNS_9Primitive6VertexE
FNDA:52,_ZN4Data7Surface4Mesh7AddFaceERKNS_9Primitive4FaceE
FNDA:1,_ZN4Data7Surface4Mesh29AddVerticesExtraDataContainerEv
FNDA:0,_ZN4Data7Surface4Mesh26AddFacesExtraDataContainerEv
FNF:18
FNH:14
DA:10,1
DA:12,1
DA:13,1
DA:15,5
DA:16,4
DA:17,3
DA:18,2
DA:19,1
DA:22,0
DA:24,0
DA:27,134
DA:29,134
DA:32,99
DA:34,99
DA:37,32
DA:39,32
DA:40,32
DA:43,4
DA:45,4
DA:46,4
DA:49,1
DA:51,1
DA:52,1
DA:55,7
DA:57,7
DA:58,7
DA:61,1
DA:63,1
DA:64,1
DA:67,7
DA:69,7
DA:70,7
DA:73,94
DA:75,94
DA:76,94
DA:77,94
DA:78,94
DA:79,94
DA:82,52
DA:84,52
DA:85,52
DA:86,52
DA:87,52
DA:88,52
DA:91,1
DA:93,1
DA:94,1
DA:96,0
DA:98,0
DA:99,0
DA:101,3
DA:103,3
DA:106,0
DA:108,0
DA:111,3
DA:113,3
DA:116,0
DA:118,0
LF:58
LH:49
end_of_record
TN:
SF:/home/runner/work/SandBox/SandBox/App/Source/MeshExporter.cpp
FN:18,40,_ZN9Utilitary7Surface12MeshExporter9ExportOFFERKN4Data7Surface4MeshERKNSt10filesystem7__cxx114pathE
FN:42,108,_ZN9Utilitary7Surface12MeshExporter9ExportOBJERKN4Data7Surface4MeshERKNSt10filesystem7__cxx114pathE
FNDA:1,_ZN9Utilitary7Surface12MeshExporter9ExportOFFERKN4Data7Surface4MeshERKNSt10filesystem7__cxx114pathE
FNDA:2,_ZN9Utilitary7Surface12MeshExporter9ExportOBJERKN4Data7Surface4MeshERKNSt10filesystem7__cxx114pathE
FNF:2
FNH:2
DA:18,1
DA:20,1
DA:22,1
DA:25,1
DA:28,1
DA:31,5
DA:32,4
DA:35,3
DA:36,4
DA:37,2
DA:39,1
DA:40,1
DA:42,2
DA:44,2
DA:46,2
DA:49,10
DA:50,8
DA:54,2
DA:56,5
DA:58,4
DA:59,4
DA:60,4
DA:66,2
DA:68,5
DA:70,4
DA:71,4
DA:72,4
DA:76,6
DA:78,4
DA:79,16
DA:82,12
DA:85,12
DA:86,12
DA:88,12
DA:90,6
DA:91,6
DA:94,6
DA:96,6
DA:98,6
DA:100,6
DA:104,4
DA:107,2
DA:108,2
LF:43
LH:43
end_of_record
TN:
SF:/home/runner/work/SandBox/SandBox/App/Source/MeshIntegrity.cpp
FN:9,78,_ZN9Utilitary7Surface13MeshIntegrity14CheckIntegrityERKN4Data7Surface4MeshE
FNDA:12,_ZN9Utilitary7Surface13MeshIntegrity14CheckIntegrityERKN4Data7Surface4MeshE
FNF:1
FNH:1
DA:9,12
DA:12,57
DA:14,48
DA:16,48
DA:17,1
DA:20,47
DA:21,1
DA:24,46
DA:25,46
DA:26,46
DA:27,1
DA:31,9
DA:32,9
DA:33,48
DA:35,45
DA:37,45
DA:38,1
DA:41,88
DA:42,88
DA:43,1
DA:45,168
DA:48,129
DA:49,1
DA:52,128
DA:53,128
DA:56,93
DA:57,93
DA:60,93
DA:61,1
DA:64,92
DA:65,1
DA:68,91
DA:69,91
DA:72,91
DA:73,1
DA:77,3
LF:36
LH:36
end_of_record
TN:
SF:/home/runner/work/SandBox/SandBox/App/Source/MeshLoader.cpp
FN:106,118,_ZZN9Utilitary7Surface10MeshLoader7LoadOFFERKNSt10filesystem7__cxx114pathEENKUljjhE_clEjjh
FN:136,256,_ZN9Utilitary7Surface10MeshLoader7LoadOBJERKNSt10filesystem7__cxx114pathE
FN:20,35,_ZN12_GLOBAL__N_125SkipCommentsAndWhitespaceERSt14basic_ifstreamIcSt11char_traitsIcEE
FN:227,239,_ZZN9Utilitary7Surface10MeshLoader7LoadOBJERKNSt10filesystem7__cxx114pathEENKUljjhE_clEjjh
FN:40,134,_ZN9Utilitary7Surface10MeshLoader7LoadOFFERKNSt10filesystem7__cxx114pathE
FNDA:36,_ZZN9Utilitary7Surface10MeshLoader7LoadOFFERKNSt10filesystem7__cxx114pathEENKUljjhE_clEjjh
FNDA:3,_ZN9Utilitary7Surface10MeshLoader7LoadOBJERKNSt10filesystem7__cxx114pathE
FNDA:63,_ZN12_GLOBAL__N_125SkipCommentsAndWhitespaceERSt14basic_ifstreamIcSt11char_traitsIcEE
FNDA:42,_ZZN9Utilitary7Surface10MeshLoader7LoadOBJERKNSt10filesystem7__cxx114pathEENKUljjhE_clEjjh
FNDA:3,_ZN9Utilitary7Surface10MeshLoader7LoadOFFERKNSt10filesystem7__cxx114pathE
FNF:5
FNH:5
DA:20,63
DA:22,136
DA:24,73
DA:27,10
DA:32,63
DA:35,63
DA:40,3
DA:42,3
DA:45,3
DA:47,1
DA:48,1
DA:52,2
DA:53,2
DA:54,2
DA:55,2
DA:57,1
DA:58,1
DA:61,1
DA:64,1
DA:66,1
DA:69,1
DA:70,9
DA:72,8
DA:73,8
DA:77,1
DA:79,1
DA:80,13
DA:82,12
DA:84,12
DA:87,12
DA:89,48
DA:92,36
DA:95,36
DA:98,36
DA:99,8
DA:102,36
DA:106,36
DA:108,36
DA:110,18
DA:114,18
DA:115,18
DA:116,18
DA:118,36
DA:120,12
DA:121,12
DA:122,12
DA:125,12
DA:127,12
DA:129,12
DA:132,1
DA:133,1
DA:134,3
DA:136,3
DA:138,3
DA:141,3
DA:143,1
DA:144,1
DA:148,2
DA:150,1
DA:151,1
DA:154,1
DA:157,1
DA:159,1
DA:160,1
DA:161,1
DA:162,40
DA:164,40
DA:166,40
DA:167,1
DA:169,39
DA:171,39
DA:173,9
DA:174,9
DA:175,9
DA:176,9
DA:178,30
DA:180,8
DA:181,8
DA:182,8
DA:184,22
DA:186,8
DA:187,8
DA:188,8
DA:190,14
DA:192,14
DA:193,14
DA:196,56
DA:200,42
DA:203,42
DA:204,84
DA:206,42
DA:208,42
DA:211,42
DA:213,42
DA:214,42
DA:215,9
DA:217,42
DA:220,210
DA:222,168
DA:227,42
DA:229,42
DA:231,21
DA:235,21
DA:236,21
DA:237,21
DA:239,42
DA:241,14
DA:242,14
DA:243,14
DA:246,14
DA:248,14
DA:250,14
DA:254,1
DA:255,1
DA:256,3
LF:115
LH:115
end_of_record
TN:
SF:/home/runner/work/SandBox/SandBox/App/Source/Primitive.cpp
FN:14,24,_ZZN9Utilitary9Primitive12GetEdgeIndexERKN4Data9Primitive4FaceEjjENKUljhE_clEjh
FN:8,37,_ZN9Utilitary9Primitive12GetEdgeIndexERKN4Data9Primitive4FaceEjj
FNDA:200,_ZZN9Utilitary9Primitive12GetEdgeIndexERKN4Data9Primitive4FaceEjjENKUljhE_clEjh
FNDA:104,_ZN9Utilitary9Primitive12GetEdgeIndexERKN4Data9Primitive4FaceEjj
FNF:2
FNH:2
DA:8,104
DA:11,104
DA:14,200
DA:16,200
DA:17,200
DA:18,200
DA:19,97
DA:20,103
DA:21,97
DA:23,6
DA:24,104
DA:27,416
DA:29,312
DA:30,312
DA:31,100
DA:32,212
DA:33,100
DA:36,104
LF:18
LH:18
end_of_record
TN:
SF:/home/runner/work/SandBox/SandBox/App/Source/PrimitiveProxy.cpp
FN:10,13,_ZN4Data9Primitive9FaceProxyC2ERNS_7Surface4MeshEj
FN:15,18,_ZNK4Data9Primitive9FaceProxy8GetIndexEv
FN:20,23,_ZN4Data9Primitive9FaceProxy7GetFaceEv
FN:25,28,_ZNK4Data9Primitive9FaceProxy7GetFaceEv
FN:30,34,_ZNK4Data9Primitive9FaceProxy9GetVertexEh
FN:36,39,_ZNK4Data9Primitive9FaceProxy11GetVerticesEv
FN:41,45,_ZNK4Data9Primitive9FaceProxy11GetNeighborEh
FN:47,50,_ZNK4Data9Primitive9FaceProxy12GetNeighborsEv
FN:53,56,_ZN4Data9Primitive11VertexProxyC2ERNS_7Surface4MeshEj
FN:58,61,_ZNK4Data9Primitive11VertexProxy8GetIndexEv
FN:63,66,_ZN4Data9Primitive11VertexProxy9GetVertexEv
FN:68,71,_ZNK4Data9Primitive11VertexProxy9GetVertexEv
FN:73,76,_ZN4Data9Primitive11VertexProxy11GetPositionEv
FN:78,81,_ZNK4Data9Primitive11VertexProxy11GetPositionEv
FN:83,86,_ZNK4Data9Primitive11VertexProxy15GetIncidentFaceEv
FNDA:4,_ZN4Data9Primitive9FaceProxyC2ERNS_7Surface4MeshEj
FNDA:3,_ZNK4Data9Primitive9FaceProxy8GetIndexEv
FNDA:1,_ZN4Data9Primitive9FaceProxy7GetFaceEv
FNDA:12,_ZNK4Data9Primitive9FaceProxy7GetFaceEv
FNDA:6,_ZNK4Data9Primitive9FaceProxy9GetVertexEh
FNDA:2,_ZNK4Data9Primitive9FaceProxy11GetVerticesEv
FNDA:2,_ZNK4Data9Primitive9FaceProxy11GetNeighborEh
FNDA:2,_ZNK4Data9Primitive9FaceProxy12GetNeighborsEv
FNDA:32,_ZN4Data9Primitive11VertexProxyC2ERNS_7Surface4MeshEj
FNDA:3,_ZNK4Data9Primitive11VertexProxy8GetIndexEv
FNDA:4,_ZN4Data9Primitive11VertexProxy9GetVertexEv
FNDA:3,_ZNK4Data9Primitive11VertexProxy9GetVertexEv
FNDA:3,_ZN4Data9Primitive11VertexProxy11GetPositionEv
FNDA:1,_ZNK4Data9Primitive11VertexProxy11GetPositionEv
FNDA:2,_ZNK4Data9Primitive11VertexProxy15GetIncidentFaceEv
FNF:15
FNH:15
DA:10,4
DA:11,4
DA:12,4
DA:13,4
DA:15,3
DA:17,3
DA:20,1
DA:22,1
DA:25,12
DA:27,12
DA:30,6
DA:32,6
DA:33,6
DA:36,2
DA:38,2
DA:41,2
DA:43,2
DA:44,2
DA:47,2
DA:49,2
DA:53,32
DA:54,32
DA:55,32
DA:56,32
DA:58,3
DA:60,3
DA:63,4
DA:65,4
DA:68,3
DA:70,3
DA:73,3
DA:75,3
DA:78,1
DA:80,1
DA:83,2
DA:85,2
LF:36
LH:36
end_of_record
TN:
SF:/home/runner/work/SandBox/SandBox/App/Source/VertexPair.cpp
FN:23,27,_ZNK4Data9Primitive10VertexPaireqERKS1_
FN:29,32,_ZNK4Data9Primitive10VertexPair15GetMinVertexIdxEv
FN:34,37,_ZNK4Data9Primitive10VertexPair15GetMaxVertexIdxEv
FN:5,21,_ZN4Data9Primitive10VertexPairC2Ejj
FNDA:223,_ZNK4Data9Primitive10VertexPaireqERKS1_
FNDA:159,_ZNK4Data9Primitive10VertexPair15GetMinVertexIdxEv
FNDA:159,_ZNK4Data9Primitive10VertexPair15GetMaxVertexIdxEv
FNDA:160,_ZN4Data9Primitive10VertexPairC2Ejj
FNF:4
FNH:4
DA:5,160
DA:7,160
DA:9,80
DA:10,80
DA:12,80
DA:14,79
DA:15,79
DA:19,1
DA:21,159
DA:23,223
DA:25,79
DA:26,302
DA:29,159
DA:31,159
DA:34,159
DA:36,159
LF:16
LH:16
end_of_record
TN:
SF:/home/runner/work/SandBox/SandBox/Core/Include/Core/PrintHelpers.h
FN:112,123,_ZN12PrintHelpers6detail9ErrorImplIJNSt7__cxx1112basic_stringIcSt11char_traitsIcESaIcEEEEEEvRKSt15source_locationSt19basic_format_stringIcJDpNSt13type_identityIT_E4typeEEEDpOSD_
FN:126,141,_ZN12PrintHelpers6detail9DebugImplIJNSt7__cxx1112basic_stringIcSt11char_traitsIcESaIcEEEEEEvRKSt15source_locationSt19basic_format_stringIcJDpNSt13type_identityIT_E4typeEEEDpOSD_
FN:23,51,_ZN12PrintHelpers19ExtractFunctionNameESt17basic_string_viewIcSt11char_traitsIcEE
FNDA:4,_ZN12PrintHelpers6detail9ErrorImplIJNSt7__cxx1112basic_stringIcSt11char_traitsIcESaIcEEEEEEvRKSt15source_locationSt19basic_format_stringIcJDpNSt13type_identityIT_E4typeEEEDpOSD_
FNDA:0,_ZN12PrintHelpers6detail9DebugImplIJNSt7__cxx1112basic_stringIcSt11char_traitsIcESaIcEEEEEEvRKSt15source_locationSt19basic_format_stringIcJDpNSt13type_identityIT_E4typeEEEDpOSD_
FNDA:0,_ZN12PrintHelpers19ExtractFunctionNameESt17basic_string_viewIcSt11char_traitsIcEE
FNF:3
FNH:1
DA:23,0
DA:26,0
DA:27,0
DA:28,0
DA:32,0
DA:33,0
DA:35,0
DA:38,0
DA:41,0
DA:43,0
DA:47,0
DA:50,0
DA:112,4
DA:114,4
DA:115,4
DA:123,4
DA:126,0
DA:131,0
DA:132,0
DA:141,0
LF:20
LH:4
end_of_record
